<?xml version="1.0" encoding="UTF-8"?>
<robot generator="Robot 3.0.3 (Python 3.7.0 on linux)" generated="20181008 01:06:00.193">
<suite id="s1" name="Acceptance" source="/home/travis/build/deathbeds/jyve/tests/acceptance">
<suite id="s1-s1" name="Kernels" source="/home/travis/build/deathbeds/jyve/tests/acceptance/Kernels.robot">
<test id="s1-s1-t1" name="The Jyve Kernels Work as Static Interactive Applications">
<kw name="Start Testing Static Activities" type="setup">
<doc>Some demo startup stuff</doc>
<kw name="Set Screenshot Directory" library="SeleniumLibrary">
<doc>Sets the directory for captured screenshots.</doc>
<arguments>
<arg>${OUTPUT_DIR}/${BROWSER}/kernels/static/</arg>
</arguments>
<status status="PASS" starttime="20181008 01:06:00.502" endtime="20181008 01:06:00.503"></status>
</kw>
<kw name="Rebuild the Jyve Demo" library="Jyve">
<doc>Use nbconvert (and wget) to rebuild the static demo site</doc>
<kw name="Remove Directory" library="OperatingSystem">
<doc>Removes the directory pointed to by the given ``path``.</doc>
<arguments>
<arg>demo</arg>
<arg>recursive=true</arg>
</arguments>
<msg timestamp="20181008 01:06:00.504" level="INFO" html="yes">Directory '&lt;a href="file:///home/travis/build/deathbeds/jyve/demo"&gt;/home/travis/build/deathbeds/jyve/demo&lt;/a&gt;' does not exist.</msg>
<status status="PASS" starttime="20181008 01:06:00.504" endtime="20181008 01:06:00.504"></status>
</kw>
<kw name="Run Process" library="Process">
<doc>Runs a process and waits for it to complete.</doc>
<arguments>
<arg>${DEMO_CMD}</arg>
</arguments>
<msg timestamp="20181008 01:06:00.505" level="INFO">Starting process:
./scripts/build_demo.sh</msg>
<msg timestamp="20181008 01:06:00.509" level="INFO">Waiting for process to complete.</msg>
<msg timestamp="20181008 01:06:04.699" level="INFO">Process completed.</msg>
<status status="PASS" starttime="20181008 01:06:00.505" endtime="20181008 01:06:04.699"></status>
</kw>
<kw name="Directory Should Exist" library="OperatingSystem">
<doc>Fails unless the given path points to an existing directory.</doc>
<arguments>
<arg>demo</arg>
</arguments>
<msg timestamp="20181008 01:06:04.701" level="INFO" html="yes">Directory '&lt;a href="file:///home/travis/build/deathbeds/jyve/demo"&gt;/home/travis/build/deathbeds/jyve/demo&lt;/a&gt;' exists.</msg>
<status status="PASS" starttime="20181008 01:06:04.700" endtime="20181008 01:06:04.701"></status>
</kw>
<kw name="Directory Should Not Be Empty" library="OperatingSystem">
<doc>Fails if the specified directory is empty.</doc>
<arguments>
<arg>demo</arg>
<arg>timeout=20</arg>
</arguments>
<msg timestamp="20181008 01:06:04.702" level="INFO" html="yes">Listing contents of directory '&lt;a href="file:///home/travis/build/deathbeds/jyve/demo"&gt;/home/travis/build/deathbeds/jyve/demo&lt;/a&gt;'.</msg>
<msg timestamp="20181008 01:06:04.702" level="INFO" html="yes">Directory '&lt;a href="file:///home/travis/build/deathbeds/jyve/demo"&gt;/home/travis/build/deathbeds/jyve/demo&lt;/a&gt;' contains 5 items.</msg>
<status status="PASS" starttime="20181008 01:06:04.701" endtime="20181008 01:06:04.702"></status>
</kw>
<status status="PASS" starttime="20181008 01:06:00.503" endtime="20181008 01:06:04.703"></status>
</kw>
<kw name="Start the Jyve Demo" library="Jyve">
<doc>Serve the static demo</doc>
<kw name="Start Process" library="Process">
<doc>Starts a new process on background.</doc>
<arguments>
<arg>${HTTPS_CMD}</arg>
<arg>shell=true</arg>
<arg>stderr=STDOUT</arg>
<arg>stdout=${OUTPUT_DIR}/demo.log</arg>
</arguments>
<msg timestamp="20181008 01:06:04.705" level="INFO">Starting process:
python ./scripts/serve_demo.py</msg>
<status status="PASS" starttime="20181008 01:06:04.704" endtime="20181008 01:06:04.709"></status>
</kw>
<status status="PASS" starttime="20181008 01:06:04.703" endtime="20181008 01:06:04.710"></status>
</kw>
<kw name="Open the Jyve Demo with" library="Jyve">
<doc>Open the browser to the static demo</doc>
<arguments>
<arg>${BROWSER}</arg>
</arguments>
<kw name="Open Browser" library="SeleniumLibrary">
<doc>Opens a new browser instance to the given ``url``.</doc>
<arguments>
<arg>${DEMO_URL}</arg>
<arg>${browser}</arg>
</arguments>
<msg timestamp="20181008 01:06:04.713" level="INFO">Opening browser 'headlessfirefox' to base url 'https://127.0.0.1:8443/d/e/m/o/'.</msg>
<status status="PASS" starttime="20181008 01:06:04.712" endtime="20181008 01:06:07.585"></status>
</kw>
<kw name="Wait for Splash Screen" library="Lab">
<doc>Wait for the JupyterLab splash animation to run its course</doc>
<kw name="Wait Until Page Contains Element" library="SeleniumLibrary">
<doc>Waits until element ``locator`` appears on current page.</doc>
<arguments>
<arg>${SPLASH_ID}</arg>
</arguments>
<status status="PASS" starttime="20181008 01:06:07.586" endtime="20181008 01:06:08.916"></status>
</kw>
<kw name="Wait Until Page Does Not Contain Element" library="SeleniumLibrary">
<doc>Waits until element ``locator`` disappears from current page.</doc>
<arguments>
<arg>${SPLASH_ID}</arg>
</arguments>
<status status="PASS" starttime="20181008 01:06:08.916" endtime="20181008 01:06:09.587"></status>
</kw>
<kw name="Sleep" library="BuiltIn">
<doc>Pauses the test executed for the given time.</doc>
<arguments>
<arg>0.1s</arg>
</arguments>
<msg timestamp="20181008 01:06:09.688" level="INFO">Slept 100 milliseconds</msg>
<status status="PASS" starttime="20181008 01:06:09.588" endtime="20181008 01:06:09.689"></status>
</kw>
<status status="PASS" starttime="20181008 01:06:07.585" endtime="20181008 01:06:09.689"></status>
</kw>
<kw name="Sleep" library="BuiltIn">
<doc>Pauses the test executed for the given time.</doc>
<arguments>
<arg>1s</arg>
</arguments>
<msg timestamp="20181008 01:06:10.691" level="INFO">Slept 1 second</msg>
<status status="PASS" starttime="20181008 01:06:09.690" endtime="20181008 01:06:10.691"></status>
</kw>
<status status="PASS" starttime="20181008 01:06:04.710" endtime="20181008 01:06:10.691"></status>
</kw>
<status status="PASS" starttime="20181008 01:06:00.501" endtime="20181008 01:06:10.692"></status>
</kw>
<kw name="${kernel} IN [ @{KERNELS} ]" type="for">
<kw name="${kernel} = Brython" type="foritem">
<kw name="Verify Kernel Activity Lifecycle">
<doc>Create a Kernel and verify some basic behavior</doc>
<arguments>
<arg>${kernel}</arg>
<arg>Notebook</arg>
<arg>&amp;{FORTY_TWO}[${kernel}]</arg>
<arg>&amp;{HELLO_WORLD}[${kernel}]</arg>
</arguments>
<kw name="Execute JupyterLab Command" library="Lab">
<doc>Use the JupyterLab Command Palette to run a command</doc>
<arguments>
<arg>Reset Application State</arg>
</arguments>
<kw name="Run Keyword And Ignore Error" library="BuiltIn">
<doc>Runs the given keyword with the given arguments and ignores possible error.</doc>
<arguments>
<arg>Click Element</arg>
<arg>css:.jp-mod-accept</arg>
</arguments>
<kw name="Click Element" library="SeleniumLibrary">
<doc>Click element identified by ``locator``.</doc>
<arguments>
<arg>css:.jp-mod-accept</arg>
</arguments>
<msg timestamp="20181008 01:06:10.697" level="INFO">Clicking element 'css:.jp-mod-accept'.</msg>
<kw name="Capture Page Screenshot" library="SeleniumLibrary">
<doc>Takes screenshot of the current page and embeds it into log file.</doc>
<msg timestamp="20181008 01:06:10.779" level="INFO" html="yes">&lt;/td&gt;&lt;/tr&gt;&lt;tr&gt;&lt;td colspan="3"&gt;&lt;a href="headlessfirefox/kernels/static/selenium-screenshot-1.png"&gt;&lt;img src="headlessfirefox/kernels/static/selenium-screenshot-1.png" width="800px"&gt;&lt;/a&gt;</msg>
<status status="PASS" starttime="20181008 01:06:10.704" endtime="20181008 01:06:10.779"></status>
</kw>
<msg timestamp="20181008 01:06:10.781" level="FAIL">Element with locator 'css:.jp-mod-accept' not found.</msg>
<status status="FAIL" starttime="20181008 01:06:10.696" endtime="20181008 01:06:10.781"></status>
</kw>
<status status="PASS" starttime="20181008 01:06:10.695" endtime="20181008 01:06:10.781"></status>
</kw>
<kw name="Click Element" library="SeleniumLibrary">
<doc>Click element identified by ``locator``.</doc>
<arguments>
<arg>${CMD_PAL_XPATH}</arg>
</arguments>
<msg timestamp="20181008 01:06:10.782" level="INFO">Clicking element 'css:li[data-id="command-palette"]'.</msg>
<status status="PASS" starttime="20181008 01:06:10.782" endtime="20181008 01:06:11.034"></status>
</kw>
<kw name="Input Text" library="SeleniumLibrary">
<doc>Types the given ``text`` into text field identified by ``locator``.</doc>
<arguments>
<arg>${CMD_PAL_INPUT}</arg>
<arg>${command}</arg>
</arguments>
<msg timestamp="20181008 01:06:11.035" level="INFO">Typing text 'Reset Application State' into text field 'css:.p-CommandPalette-input'.</msg>
<status status="PASS" starttime="20181008 01:06:11.034" endtime="20181008 01:06:11.072"></status>
</kw>
<kw name="Wait Until Page Contains Element" library="SeleniumLibrary">
<doc>Waits until element ``locator`` appears on current page.</doc>
<arguments>
<arg>${CMD_PAL_ITEM}</arg>
</arguments>
<status status="PASS" starttime="20181008 01:06:11.072" endtime="20181008 01:06:11.080"></status>
</kw>
<kw name="Click Element" library="SeleniumLibrary">
<doc>Click element identified by ``locator``.</doc>
<arguments>
<arg>${CMD_PAL_ITEM}</arg>
</arguments>
<msg timestamp="20181008 01:06:11.082" level="INFO">Clicking element 'css:.p-CommandPalette-item'.</msg>
<status status="PASS" starttime="20181008 01:06:11.081" endtime="20181008 01:06:11.902"></status>
</kw>
<kw name="Run Keyword And Ignore Error" library="BuiltIn">
<doc>Runs the given keyword with the given arguments and ignores possible error.</doc>
<arguments>
<arg>Click Element</arg>
<arg>${CMD_PAL_XPATH}</arg>
</arguments>
<kw name="Click Element" library="SeleniumLibrary">
<doc>Click element identified by ``locator``.</doc>
<arguments>
<arg>${CMD_PAL_XPATH}</arg>
</arguments>
<msg timestamp="20181008 01:06:11.904" level="INFO">Clicking element 'css:li[data-id="command-palette"]'.</msg>
<kw name="Capture Page Screenshot" library="SeleniumLibrary">
<doc>Takes screenshot of the current page and embeds it into log file.</doc>
<msg timestamp="20181008 01:06:12.113" level="INFO" html="yes">&lt;/td&gt;&lt;/tr&gt;&lt;tr&gt;&lt;td colspan="3"&gt;&lt;a href="headlessfirefox/kernels/static/selenium-screenshot-2.png"&gt;&lt;img src="headlessfirefox/kernels/static/selenium-screenshot-2.png" width="800px"&gt;&lt;/a&gt;</msg>
<status status="PASS" starttime="20181008 01:06:11.943" endtime="20181008 01:06:12.115"></status>
</kw>
<msg timestamp="20181008 01:06:12.117" level="FAIL">Element with locator 'css:li[data-id="command-palette"]' not found.</msg>
<status status="FAIL" starttime="20181008 01:06:11.904" endtime="20181008 01:06:12.118"></status>
</kw>
<status status="PASS" starttime="20181008 01:06:11.903" endtime="20181008 01:06:12.118"></status>
</kw>
<status status="PASS" starttime="20181008 01:06:10.694" endtime="20181008 01:06:12.119"></status>
</kw>
<kw name="Wait for Splash Screen" library="Lab">
<doc>Wait for the JupyterLab splash animation to run its course</doc>
<kw name="Wait Until Page Contains Element" library="SeleniumLibrary">
<doc>Waits until element ``locator`` appears on current page.</doc>
<arguments>
<arg>${SPLASH_ID}</arg>
</arguments>
<status status="PASS" starttime="20181008 01:06:12.126" endtime="20181008 01:06:12.132"></status>
</kw>
<kw name="Wait Until Page Does Not Contain Element" library="SeleniumLibrary">
<doc>Waits until element ``locator`` disappears from current page.</doc>
<arguments>
<arg>${SPLASH_ID}</arg>
</arguments>
<status status="PASS" starttime="20181008 01:06:12.132" endtime="20181008 01:06:13.031"></status>
</kw>
<kw name="Sleep" library="BuiltIn">
<doc>Pauses the test executed for the given time.</doc>
<arguments>
<arg>0.1s</arg>
</arguments>
<msg timestamp="20181008 01:06:13.132" level="INFO">Slept 100 milliseconds</msg>
<status status="PASS" starttime="20181008 01:06:13.031" endtime="20181008 01:06:13.132"></status>
</kw>
<status status="PASS" starttime="20181008 01:06:12.125" endtime="20181008 01:06:13.132"></status>
</kw>
<kw name="Launch a new" library="Lab">
<doc>Use the JupyterLab launcher to launch Notebook or Console</doc>
<arguments>
<arg>${kernel} (unsafe) — Jyve</arg>
<arg>${activity}</arg>
</arguments>
<kw name="Click Element" library="SeleniumLibrary">
<doc>Click element identified by ``locator``.</doc>
<arguments>
<arg>${CARD}[@title='${kernel}'][@data-category='${category}']</arg>
</arguments>
<msg timestamp="20181008 01:06:13.134" level="INFO">Clicking element '//div[@class='jp-LauncherCard'][@title='Brython (unsafe) — Jyve'][@data-category='Notebook']'.</msg>
<status status="PASS" starttime="20181008 01:06:13.133" endtime="20181008 01:06:13.380"></status>
</kw>
<kw name="Wait Until Page Does Not Contain Element" library="SeleniumLibrary">
<doc>Waits until element ``locator`` disappears from current page.</doc>
<arguments>
<arg>${SPINNER}</arg>
</arguments>
<status status="PASS" starttime="20181008 01:06:13.380" endtime="20181008 01:06:13.400"></status>
</kw>
<kw name="Wait Until Page Contains Element" library="SeleniumLibrary">
<doc>Waits until element ``locator`` appears on current page.</doc>
<arguments>
<arg>css:${CELL_CSS}</arg>
</arguments>
<status status="PASS" starttime="20181008 01:06:13.400" endtime="20181008 01:06:13.405"></status>
</kw>
<status status="PASS" starttime="20181008 01:06:13.132" endtime="20181008 01:06:13.406"></status>
</kw>
<kw name="Capture Page Screenshot" library="SeleniumLibrary">
<doc>Takes screenshot of the current page and embeds it into log file.</doc>
<arguments>
<arg>${kernel}/${activity}_0.png</arg>
</arguments>
<msg timestamp="20181008 01:06:13.461" level="INFO" html="yes">&lt;/td&gt;&lt;/tr&gt;&lt;tr&gt;&lt;td colspan="3"&gt;&lt;a href="headlessfirefox/kernels/static/Brython/Notebook_0.png"&gt;&lt;img src="headlessfirefox/kernels/static/Brython/Notebook_0.png" width="800px"&gt;&lt;/a&gt;</msg>
<status status="PASS" starttime="20181008 01:06:13.406" endtime="20181008 01:06:13.462"></status>
</kw>
<kw name="Add and Run Cell" library="Notebook">
<doc>Add a code cell to the currently active notebook and run it</doc>
<arguments>
<arg>${fortytwo}</arg>
</arguments>
<kw name="Click Element" library="SeleniumLibrary">
<doc>Click element identified by ``locator``.</doc>
<arguments>
<arg>css:.jp-NotebookPanel-toolbar .jp-AddIcon</arg>
</arguments>
<msg timestamp="20181008 01:06:13.465" level="INFO">Clicking element 'css:.jp-NotebookPanel-toolbar .jp-AddIcon'.</msg>
<status status="PASS" starttime="20181008 01:06:13.463" endtime="20181008 01:06:13.718"></status>
</kw>
<kw name="Sleep" library="BuiltIn">
<doc>Pauses the test executed for the given time.</doc>
<arguments>
<arg>0.1s</arg>
</arguments>
<msg timestamp="20181008 01:06:13.819" level="INFO">Slept 100 milliseconds</msg>
<status status="PASS" starttime="20181008 01:06:13.718" endtime="20181008 01:06:13.819"></status>
</kw>
<kw name="Click Element" library="SeleniumLibrary">
<doc>Click element identified by ``locator``.</doc>
<arguments>
<arg>css:${CELL_CSS}</arg>
</arguments>
<msg timestamp="20181008 01:06:13.821" level="INFO">Clicking element 'css:.jp-Notebook .jp-Cell:last-of-type .jp-InputArea-editor .CodeMirror'.</msg>
<status status="PASS" starttime="20181008 01:06:13.820" endtime="20181008 01:06:14.538"></status>
</kw>
<kw name="Execute Javascript" library="SeleniumLibrary">
<doc>Executes the given JavaScript code with possible arguments.</doc>
<arguments>
<arg>document.querySelector("${CELL_CSS}").CodeMirror.setValue(`${code}`)</arg>
</arguments>
<msg timestamp="20181008 01:06:14.540" level="INFO">Executing JavaScript:
document.querySelector(".jp-Notebook .jp-Cell:last-of-type .jp-InputArea-editor .CodeMirror").CodeMirror.setValue(`print(39 + 3)`)
Without any arguments.</msg>
<status status="PASS" starttime="20181008 01:06:14.539" endtime="20181008 01:06:14.566"></status>
</kw>
<kw name="Click Element" library="SeleniumLibrary">
<doc>Click element identified by ``locator``.</doc>
<arguments>
<arg>css:.jp-RunIcon</arg>
</arguments>
<msg timestamp="20181008 01:06:14.567" level="INFO">Clicking element 'css:.jp-RunIcon'.</msg>
<status status="PASS" starttime="20181008 01:06:14.566" endtime="20181008 01:06:14.837"></status>
</kw>
<status status="PASS" starttime="20181008 01:06:13.462" endtime="20181008 01:06:14.837"></status>
</kw>
<kw name="Wait Until Kernel Is Idle" library="Notebook">
<doc>Wait for the kernel to be busy, and then stop being busy</doc>
<kw name="Wait Until Page Does Not Contain Element" library="SeleniumLibrary">
<doc>Waits until element ``locator`` disappears from current page.</doc>
<arguments>
<arg>${BUSY_KERNEL}</arg>
</arguments>
<status status="PASS" starttime="20181008 01:06:14.838" endtime="20181008 01:06:14.846"></status>
</kw>
<kw name="Wait Until Page Does Not Contain" library="SeleniumLibrary">
<doc>Waits until ``text`` disappears from current page.</doc>
<arguments>
<arg>${BUSY_PROMPT}</arg>
</arguments>
<status status="PASS" starttime="20181008 01:06:14.847" endtime="20181008 01:06:14.863"></status>
</kw>
<status status="PASS" starttime="20181008 01:06:14.837" endtime="20181008 01:06:14.863"></status>
</kw>
<kw name="Wait Until Keyword Succeeds" library="BuiltIn">
<doc>Runs the specified keyword and retries if it fails.</doc>
<arguments>
<arg>30s</arg>
<arg>1s</arg>
<arg>Element Should Contain</arg>
<arg>css:.jp-OutputArea-output</arg>
<arg>42</arg>
</arguments>
<kw name="Element Should Contain" library="SeleniumLibrary">
<doc>Verifies that element ``locator`` contains text ``expected``.</doc>
<arguments>
<arg>css:.jp-OutputArea-output</arg>
<arg>42</arg>
</arguments>
<msg timestamp="20181008 01:06:14.895" level="INFO">Element 'css:.jp-OutputArea-output' contains text '42'.</msg>
<status status="PASS" starttime="20181008 01:06:14.864" endtime="20181008 01:06:14.895"></status>
</kw>
<status status="PASS" starttime="20181008 01:06:14.864" endtime="20181008 01:06:14.895"></status>
</kw>
<kw name="Capture Page Screenshot" library="SeleniumLibrary">
<doc>Takes screenshot of the current page and embeds it into log file.</doc>
<arguments>
<arg>${kernel}/${activity}_1_run.png</arg>
</arguments>
<msg timestamp="20181008 01:06:15.008" level="INFO" html="yes">&lt;/td&gt;&lt;/tr&gt;&lt;tr&gt;&lt;td colspan="3"&gt;&lt;a href="headlessfirefox/kernels/static/Brython/Notebook_1_run.png"&gt;&lt;img src="headlessfirefox/kernels/static/Brython/Notebook_1_run.png" width="800px"&gt;&lt;/a&gt;</msg>
<status status="PASS" starttime="20181008 01:06:14.895" endtime="20181008 01:06:15.008"></status>
</kw>
<kw name="Add and Run Cell" library="Notebook">
<doc>Add a code cell to the currently active notebook and run it</doc>
<arguments>
<arg>${hello}</arg>
</arguments>
<kw name="Click Element" library="SeleniumLibrary">
<doc>Click element identified by ``locator``.</doc>
<arguments>
<arg>css:.jp-NotebookPanel-toolbar .jp-AddIcon</arg>
</arguments>
<msg timestamp="20181008 01:06:15.010" level="INFO">Clicking element 'css:.jp-NotebookPanel-toolbar .jp-AddIcon'.</msg>
<status status="PASS" starttime="20181008 01:06:15.009" endtime="20181008 01:06:15.257"></status>
</kw>
<kw name="Sleep" library="BuiltIn">
<doc>Pauses the test executed for the given time.</doc>
<arguments>
<arg>0.1s</arg>
</arguments>
<msg timestamp="20181008 01:06:15.358" level="INFO">Slept 100 milliseconds</msg>
<status status="PASS" starttime="20181008 01:06:15.258" endtime="20181008 01:06:15.359"></status>
</kw>
<kw name="Click Element" library="SeleniumLibrary">
<doc>Click element identified by ``locator``.</doc>
<arguments>
<arg>css:${CELL_CSS}</arg>
</arguments>
<msg timestamp="20181008 01:06:15.359" level="INFO">Clicking element 'css:.jp-Notebook .jp-Cell:last-of-type .jp-InputArea-editor .CodeMirror'.</msg>
<status status="PASS" starttime="20181008 01:06:15.359" endtime="20181008 01:06:16.080"></status>
</kw>
<kw name="Execute Javascript" library="SeleniumLibrary">
<doc>Executes the given JavaScript code with possible arguments.</doc>
<arguments>
<arg>document.querySelector("${CELL_CSS}").CodeMirror.setValue(`${code}`)</arg>
</arguments>
<msg timestamp="20181008 01:06:16.081" level="INFO">Executing JavaScript:
document.querySelector(".jp-Notebook .jp-Cell:last-of-type .jp-InputArea-editor .CodeMirror").CodeMirror.setValue(`__import__("browser").window.document.body.textContent = "hello world"`)
Without any arguments.</msg>
<status status="PASS" starttime="20181008 01:06:16.080" endtime="20181008 01:06:16.099"></status>
</kw>
<kw name="Click Element" library="SeleniumLibrary">
<doc>Click element identified by ``locator``.</doc>
<arguments>
<arg>css:.jp-RunIcon</arg>
</arguments>
<msg timestamp="20181008 01:06:16.100" level="INFO">Clicking element 'css:.jp-RunIcon'.</msg>
<status status="PASS" starttime="20181008 01:06:16.100" endtime="20181008 01:06:16.367"></status>
</kw>
<status status="PASS" starttime="20181008 01:06:15.009" endtime="20181008 01:06:16.368"></status>
</kw>
<kw name="Wait Until Kernel Is Idle" library="Notebook">
<doc>Wait for the kernel to be busy, and then stop being busy</doc>
<kw name="Wait Until Page Does Not Contain Element" library="SeleniumLibrary">
<doc>Waits until element ``locator`` disappears from current page.</doc>
<arguments>
<arg>${BUSY_KERNEL}</arg>
</arguments>
<status status="PASS" starttime="20181008 01:06:16.369" endtime="20181008 01:06:16.374"></status>
</kw>
<kw name="Wait Until Page Does Not Contain" library="SeleniumLibrary">
<doc>Waits until ``text`` disappears from current page.</doc>
<arguments>
<arg>${BUSY_PROMPT}</arg>
</arguments>
<status status="PASS" starttime="20181008 01:06:16.374" endtime="20181008 01:06:16.388"></status>
</kw>
<status status="PASS" starttime="20181008 01:06:16.368" endtime="20181008 01:06:16.388"></status>
</kw>
<kw name="Frame Should Contain" library="SeleniumLibrary">
<doc>Verifies that frame identified by ``locator`` contains ``text``.</doc>
<arguments>
<arg>css:.jyv-Frame iframe</arg>
<arg>hello world</arg>
</arguments>
<msg timestamp="20181008 01:06:16.400" level="INFO">Searching for text from frame 'css:.jyv-Frame iframe'.</msg>
<msg timestamp="20181008 01:06:16.411" level="INFO">Frame 'css:.jyv-Frame iframe' contains text 'hello world'.</msg>
<status status="PASS" starttime="20181008 01:06:16.389" endtime="20181008 01:06:16.411"></status>
</kw>
<kw name="Capture Page Screenshot" library="SeleniumLibrary">
<doc>Takes screenshot of the current page and embeds it into log file.</doc>
<arguments>
<arg>${kernel}/${activity}_2_win.png</arg>
</arguments>
<msg timestamp="20181008 01:06:16.512" level="INFO" html="yes">&lt;/td&gt;&lt;/tr&gt;&lt;tr&gt;&lt;td colspan="3"&gt;&lt;a href="headlessfirefox/kernels/static/Brython/Notebook_2_win.png"&gt;&lt;img src="headlessfirefox/kernels/static/Brython/Notebook_2_win.png" width="800px"&gt;&lt;/a&gt;</msg>
<status status="PASS" starttime="20181008 01:06:16.411" endtime="20181008 01:06:16.512"></status>
</kw>
<status status="PASS" starttime="20181008 01:06:10.693" endtime="20181008 01:06:16.512"></status>
</kw>
<status status="PASS" starttime="20181008 01:06:10.692" endtime="20181008 01:06:16.512"></status>
</kw>
<kw name="${kernel} = CoffeeScript" type="foritem">
<kw name="Verify Kernel Activity Lifecycle">
<doc>Create a Kernel and verify some basic behavior</doc>
<arguments>
<arg>${kernel}</arg>
<arg>Notebook</arg>
<arg>&amp;{FORTY_TWO}[${kernel}]</arg>
<arg>&amp;{HELLO_WORLD}[${kernel}]</arg>
</arguments>
<kw name="Execute JupyterLab Command" library="Lab">
<doc>Use the JupyterLab Command Palette to run a command</doc>
<arguments>
<arg>Reset Application State</arg>
</arguments>
<kw name="Run Keyword And Ignore Error" library="BuiltIn">
<doc>Runs the given keyword with the given arguments and ignores possible error.</doc>
<arguments>
<arg>Click Element</arg>
<arg>css:.jp-mod-accept</arg>
</arguments>
<kw name="Click Element" library="SeleniumLibrary">
<doc>Click element identified by ``locator``.</doc>
<arguments>
<arg>css:.jp-mod-accept</arg>
</arguments>
<msg timestamp="20181008 01:06:16.515" level="INFO">Clicking element 'css:.jp-mod-accept'.</msg>
<kw name="Capture Page Screenshot" library="SeleniumLibrary">
<doc>Takes screenshot of the current page and embeds it into log file.</doc>
<msg timestamp="20181008 01:06:16.620" level="INFO" html="yes">&lt;/td&gt;&lt;/tr&gt;&lt;tr&gt;&lt;td colspan="3"&gt;&lt;a href="headlessfirefox/kernels/static/selenium-screenshot-3.png"&gt;&lt;img src="headlessfirefox/kernels/static/selenium-screenshot-3.png" width="800px"&gt;&lt;/a&gt;</msg>
<status status="PASS" starttime="20181008 01:06:16.520" endtime="20181008 01:06:16.620"></status>
</kw>
<msg timestamp="20181008 01:06:16.620" level="FAIL">Element with locator 'css:.jp-mod-accept' not found.</msg>
<status status="FAIL" starttime="20181008 01:06:16.515" endtime="20181008 01:06:16.621"></status>
</kw>
<status status="PASS" starttime="20181008 01:06:16.514" endtime="20181008 01:06:16.621"></status>
</kw>
<kw name="Click Element" library="SeleniumLibrary">
<doc>Click element identified by ``locator``.</doc>
<arguments>
<arg>${CMD_PAL_XPATH}</arg>
</arguments>
<msg timestamp="20181008 01:06:16.622" level="INFO">Clicking element 'css:li[data-id="command-palette"]'.</msg>
<status status="PASS" starttime="20181008 01:06:16.621" endtime="20181008 01:06:16.852"></status>
</kw>
<kw name="Input Text" library="SeleniumLibrary">
<doc>Types the given ``text`` into text field identified by ``locator``.</doc>
<arguments>
<arg>${CMD_PAL_INPUT}</arg>
<arg>${command}</arg>
</arguments>
<msg timestamp="20181008 01:06:16.853" level="INFO">Typing text 'Reset Application State' into text field 'css:.p-CommandPalette-input'.</msg>
<status status="PASS" starttime="20181008 01:06:16.852" endtime="20181008 01:06:16.895"></status>
</kw>
<kw name="Wait Until Page Contains Element" library="SeleniumLibrary">
<doc>Waits until element ``locator`` appears on current page.</doc>
<arguments>
<arg>${CMD_PAL_ITEM}</arg>
</arguments>
<status status="PASS" starttime="20181008 01:06:16.895" endtime="20181008 01:06:16.909"></status>
</kw>
<kw name="Click Element" library="SeleniumLibrary">
<doc>Click element identified by ``locator``.</doc>
<arguments>
<arg>${CMD_PAL_ITEM}</arg>
</arguments>
<msg timestamp="20181008 01:06:16.910" level="INFO">Clicking element 'css:.p-CommandPalette-item'.</msg>
<status status="PASS" starttime="20181008 01:06:16.909" endtime="20181008 01:06:17.801"></status>
</kw>
<kw name="Run Keyword And Ignore Error" library="BuiltIn">
<doc>Runs the given keyword with the given arguments and ignores possible error.</doc>
<arguments>
<arg>Click Element</arg>
<arg>${CMD_PAL_XPATH}</arg>
</arguments>
<kw name="Click Element" library="SeleniumLibrary">
<doc>Click element identified by ``locator``.</doc>
<arguments>
<arg>${CMD_PAL_XPATH}</arg>
</arguments>
<msg timestamp="20181008 01:06:17.802" level="INFO">Clicking element 'css:li[data-id="command-palette"]'.</msg>
<kw name="Capture Page Screenshot" library="SeleniumLibrary">
<doc>Takes screenshot of the current page and embeds it into log file.</doc>
<msg timestamp="20181008 01:06:18.018" level="INFO" html="yes">&lt;/td&gt;&lt;/tr&gt;&lt;tr&gt;&lt;td colspan="3"&gt;&lt;a href="headlessfirefox/kernels/static/selenium-screenshot-4.png"&gt;&lt;img src="headlessfirefox/kernels/static/selenium-screenshot-4.png" width="800px"&gt;&lt;/a&gt;</msg>
<status status="PASS" starttime="20181008 01:06:17.847" endtime="20181008 01:06:18.018"></status>
</kw>
<msg timestamp="20181008 01:06:18.019" level="FAIL">Element with locator 'css:li[data-id="command-palette"]' not found.</msg>
<status status="FAIL" starttime="20181008 01:06:17.802" endtime="20181008 01:06:18.019"></status>
</kw>
<status status="PASS" starttime="20181008 01:06:17.801" endtime="20181008 01:06:18.019"></status>
</kw>
<status status="PASS" starttime="20181008 01:06:16.514" endtime="20181008 01:06:18.020"></status>
</kw>
<kw name="Wait for Splash Screen" library="Lab">
<doc>Wait for the JupyterLab splash animation to run its course</doc>
<kw name="Wait Until Page Contains Element" library="SeleniumLibrary">
<doc>Waits until element ``locator`` appears on current page.</doc>
<arguments>
<arg>${SPLASH_ID}</arg>
</arguments>
<status status="PASS" starttime="20181008 01:06:18.020" endtime="20181008 01:06:18.035"></status>
</kw>
<kw name="Wait Until Page Does Not Contain Element" library="SeleniumLibrary">
<doc>Waits until element ``locator`` disappears from current page.</doc>
<arguments>
<arg>${SPLASH_ID}</arg>
</arguments>
<status status="PASS" starttime="20181008 01:06:18.035" endtime="20181008 01:06:19.190"></status>
</kw>
<kw name="Sleep" library="BuiltIn">
<doc>Pauses the test executed for the given time.</doc>
<arguments>
<arg>0.1s</arg>
</arguments>
<msg timestamp="20181008 01:06:19.291" level="INFO">Slept 100 milliseconds</msg>
<status status="PASS" starttime="20181008 01:06:19.190" endtime="20181008 01:06:19.291"></status>
</kw>
<status status="PASS" starttime="20181008 01:06:18.020" endtime="20181008 01:06:19.291"></status>
</kw>
<kw name="Launch a new" library="Lab">
<doc>Use the JupyterLab launcher to launch Notebook or Console</doc>
<arguments>
<arg>${kernel} (unsafe) — Jyve</arg>
<arg>${activity}</arg>
</arguments>
<kw name="Click Element" library="SeleniumLibrary">
<doc>Click element identified by ``locator``.</doc>
<arguments>
<arg>${CARD}[@title='${kernel}'][@data-category='${category}']</arg>
</arguments>
<msg timestamp="20181008 01:06:19.293" level="INFO">Clicking element '//div[@class='jp-LauncherCard'][@title='CoffeeScript (unsafe) — Jyve'][@data-category='Notebook']'.</msg>
<status status="PASS" starttime="20181008 01:06:19.292" endtime="20181008 01:06:19.538"></status>
</kw>
<kw name="Wait Until Page Does Not Contain Element" library="SeleniumLibrary">
<doc>Waits until element ``locator`` disappears from current page.</doc>
<arguments>
<arg>${SPINNER}</arg>
</arguments>
<status status="PASS" starttime="20181008 01:06:19.538" endtime="20181008 01:06:19.546"></status>
</kw>
<kw name="Wait Until Page Contains Element" library="SeleniumLibrary">
<doc>Waits until element ``locator`` appears on current page.</doc>
<arguments>
<arg>css:${CELL_CSS}</arg>
</arguments>
<status status="PASS" starttime="20181008 01:06:19.546" endtime="20181008 01:06:19.554"></status>
</kw>
<status status="PASS" starttime="20181008 01:06:19.291" endtime="20181008 01:06:19.554"></status>
</kw>
<kw name="Capture Page Screenshot" library="SeleniumLibrary">
<doc>Takes screenshot of the current page and embeds it into log file.</doc>
<arguments>
<arg>${kernel}/${activity}_0.png</arg>
</arguments>
<msg timestamp="20181008 01:06:19.614" level="INFO" html="yes">&lt;/td&gt;&lt;/tr&gt;&lt;tr&gt;&lt;td colspan="3"&gt;&lt;a href="headlessfirefox/kernels/static/CoffeeScript/Notebook_0.png"&gt;&lt;img src="headlessfirefox/kernels/static/CoffeeScript/Notebook_0.png" width="800px"&gt;&lt;/a&gt;</msg>
<status status="PASS" starttime="20181008 01:06:19.555" endtime="20181008 01:06:19.614"></status>
</kw>
<kw name="Add and Run Cell" library="Notebook">
<doc>Add a code cell to the currently active notebook and run it</doc>
<arguments>
<arg>${fortytwo}</arg>
</arguments>
<kw name="Click Element" library="SeleniumLibrary">
<doc>Click element identified by ``locator``.</doc>
<arguments>
<arg>css:.jp-NotebookPanel-toolbar .jp-AddIcon</arg>
</arguments>
<msg timestamp="20181008 01:06:19.616" level="INFO">Clicking element 'css:.jp-NotebookPanel-toolbar .jp-AddIcon'.</msg>
<status status="PASS" starttime="20181008 01:06:19.616" endtime="20181008 01:06:19.873"></status>
</kw>
<kw name="Sleep" library="BuiltIn">
<doc>Pauses the test executed for the given time.</doc>
<arguments>
<arg>0.1s</arg>
</arguments>
<msg timestamp="20181008 01:06:19.974" level="INFO">Slept 100 milliseconds</msg>
<status status="PASS" starttime="20181008 01:06:19.873" endtime="20181008 01:06:19.974"></status>
</kw>
<kw name="Click Element" library="SeleniumLibrary">
<doc>Click element identified by ``locator``.</doc>
<arguments>
<arg>css:${CELL_CSS}</arg>
</arguments>
<msg timestamp="20181008 01:06:19.975" level="INFO">Clicking element 'css:.jp-Notebook .jp-Cell:last-of-type .jp-InputArea-editor .CodeMirror'.</msg>
<status status="PASS" starttime="20181008 01:06:19.974" endtime="20181008 01:06:20.694"></status>
</kw>
<kw name="Execute Javascript" library="SeleniumLibrary">
<doc>Executes the given JavaScript code with possible arguments.</doc>
<arguments>
<arg>document.querySelector("${CELL_CSS}").CodeMirror.setValue(`${code}`)</arg>
</arguments>
<msg timestamp="20181008 01:06:20.695" level="INFO">Executing JavaScript:
document.querySelector(".jp-Notebook .jp-Cell:last-of-type .jp-InputArea-editor .CodeMirror").CodeMirror.setValue(`6 * 7`)
Without any arguments.</msg>
<status status="PASS" starttime="20181008 01:06:20.694" endtime="20181008 01:06:20.710"></status>
</kw>
<kw name="Click Element" library="SeleniumLibrary">
<doc>Click element identified by ``locator``.</doc>
<arguments>
<arg>css:.jp-RunIcon</arg>
</arguments>
<msg timestamp="20181008 01:06:20.711" level="INFO">Clicking element 'css:.jp-RunIcon'.</msg>
<status status="PASS" starttime="20181008 01:06:20.711" endtime="20181008 01:06:21.038"></status>
</kw>
<status status="PASS" starttime="20181008 01:06:19.614" endtime="20181008 01:06:21.039"></status>
</kw>
<kw name="Wait Until Kernel Is Idle" library="Notebook">
<doc>Wait for the kernel to be busy, and then stop being busy</doc>
<kw name="Wait Until Page Does Not Contain Element" library="SeleniumLibrary">
<doc>Waits until element ``locator`` disappears from current page.</doc>
<arguments>
<arg>${BUSY_KERNEL}</arg>
</arguments>
<status status="PASS" starttime="20181008 01:06:21.040" endtime="20181008 01:06:21.046"></status>
</kw>
<kw name="Wait Until Page Does Not Contain" library="SeleniumLibrary">
<doc>Waits until ``text`` disappears from current page.</doc>
<arguments>
<arg>${BUSY_PROMPT}</arg>
</arguments>
<status status="PASS" starttime="20181008 01:06:21.047" endtime="20181008 01:06:21.057"></status>
</kw>
<status status="PASS" starttime="20181008 01:06:21.039" endtime="20181008 01:06:21.058"></status>
</kw>
<kw name="Wait Until Keyword Succeeds" library="BuiltIn">
<doc>Runs the specified keyword and retries if it fails.</doc>
<arguments>
<arg>30s</arg>
<arg>1s</arg>
<arg>Element Should Contain</arg>
<arg>css:.jp-OutputArea-output</arg>
<arg>42</arg>
</arguments>
<kw name="Element Should Contain" library="SeleniumLibrary">
<doc>Verifies that element ``locator`` contains text ``expected``.</doc>
<arguments>
<arg>css:.jp-OutputArea-output</arg>
<arg>42</arg>
</arguments>
<msg timestamp="20181008 01:06:21.078" level="INFO">Element 'css:.jp-OutputArea-output' contains text '42'.</msg>
<status status="PASS" starttime="20181008 01:06:21.059" endtime="20181008 01:06:21.078"></status>
</kw>
<status status="PASS" starttime="20181008 01:06:21.058" endtime="20181008 01:06:21.078"></status>
</kw>
<kw name="Capture Page Screenshot" library="SeleniumLibrary">
<doc>Takes screenshot of the current page and embeds it into log file.</doc>
<arguments>
<arg>${kernel}/${activity}_1_run.png</arg>
</arguments>
<msg timestamp="20181008 01:06:21.171" level="INFO" html="yes">&lt;/td&gt;&lt;/tr&gt;&lt;tr&gt;&lt;td colspan="3"&gt;&lt;a href="headlessfirefox/kernels/static/CoffeeScript/Notebook_1_run.png"&gt;&lt;img src="headlessfirefox/kernels/static/CoffeeScript/Notebook_1_run.png" width="800px"&gt;&lt;/a&gt;</msg>
<status status="PASS" starttime="20181008 01:06:21.079" endtime="20181008 01:06:21.172"></status>
</kw>
<kw name="Add and Run Cell" library="Notebook">
<doc>Add a code cell to the currently active notebook and run it</doc>
<arguments>
<arg>${hello}</arg>
</arguments>
<kw name="Click Element" library="SeleniumLibrary">
<doc>Click element identified by ``locator``.</doc>
<arguments>
<arg>css:.jp-NotebookPanel-toolbar .jp-AddIcon</arg>
</arguments>
<msg timestamp="20181008 01:06:21.173" level="INFO">Clicking element 'css:.jp-NotebookPanel-toolbar .jp-AddIcon'.</msg>
<status status="PASS" starttime="20181008 01:06:21.173" endtime="20181008 01:06:21.424"></status>
</kw>
<kw name="Sleep" library="BuiltIn">
<doc>Pauses the test executed for the given time.</doc>
<arguments>
<arg>0.1s</arg>
</arguments>
<msg timestamp="20181008 01:06:21.525" level="INFO">Slept 100 milliseconds</msg>
<status status="PASS" starttime="20181008 01:06:21.424" endtime="20181008 01:06:21.526"></status>
</kw>
<kw name="Click Element" library="SeleniumLibrary">
<doc>Click element identified by ``locator``.</doc>
<arguments>
<arg>css:${CELL_CSS}</arg>
</arguments>
<msg timestamp="20181008 01:06:21.527" level="INFO">Clicking element 'css:.jp-Notebook .jp-Cell:last-of-type .jp-InputArea-editor .CodeMirror'.</msg>
<status status="PASS" starttime="20181008 01:06:21.526" endtime="20181008 01:06:22.241"></status>
</kw>
<kw name="Execute Javascript" library="SeleniumLibrary">
<doc>Executes the given JavaScript code with possible arguments.</doc>
<arguments>
<arg>document.querySelector("${CELL_CSS}").CodeMirror.setValue(`${code}`)</arg>
</arguments>
<msg timestamp="20181008 01:06:22.244" level="INFO">Executing JavaScript:
document.querySelector(".jp-Notebook .jp-Cell:last-of-type .jp-InputArea-editor .CodeMirror").CodeMirror.setValue(`document.write "hello world"`)
Without any arguments.</msg>
<status status="PASS" starttime="20181008 01:06:22.242" endtime="20181008 01:06:22.256"></status>
</kw>
<kw name="Click Element" library="SeleniumLibrary">
<doc>Click element identified by ``locator``.</doc>
<arguments>
<arg>css:.jp-RunIcon</arg>
</arguments>
<msg timestamp="20181008 01:06:22.257" level="INFO">Clicking element 'css:.jp-RunIcon'.</msg>
<status status="PASS" starttime="20181008 01:06:22.257" endtime="20181008 01:06:22.512"></status>
</kw>
<status status="PASS" starttime="20181008 01:06:21.172" endtime="20181008 01:06:22.513"></status>
</kw>
<kw name="Wait Until Kernel Is Idle" library="Notebook">
<doc>Wait for the kernel to be busy, and then stop being busy</doc>
<kw name="Wait Until Page Does Not Contain Element" library="SeleniumLibrary">
<doc>Waits until element ``locator`` disappears from current page.</doc>
<arguments>
<arg>${BUSY_KERNEL}</arg>
</arguments>
<status status="PASS" starttime="20181008 01:06:22.514" endtime="20181008 01:06:22.520"></status>
</kw>
<kw name="Wait Until Page Does Not Contain" library="SeleniumLibrary">
<doc>Waits until ``text`` disappears from current page.</doc>
<arguments>
<arg>${BUSY_PROMPT}</arg>
</arguments>
<status status="PASS" starttime="20181008 01:06:22.520" endtime="20181008 01:06:22.530"></status>
</kw>
<status status="PASS" starttime="20181008 01:06:22.513" endtime="20181008 01:06:22.531"></status>
</kw>
<kw name="Frame Should Contain" library="SeleniumLibrary">
<doc>Verifies that frame identified by ``locator`` contains ``text``.</doc>
<arguments>
<arg>css:.jyv-Frame iframe</arg>
<arg>hello world</arg>
</arguments>
<msg timestamp="20181008 01:06:22.539" level="INFO">Searching for text from frame 'css:.jyv-Frame iframe'.</msg>
<msg timestamp="20181008 01:06:22.548" level="INFO">Frame 'css:.jyv-Frame iframe' contains text 'hello world'.</msg>
<status status="PASS" starttime="20181008 01:06:22.531" endtime="20181008 01:06:22.549"></status>
</kw>
<kw name="Capture Page Screenshot" library="SeleniumLibrary">
<doc>Takes screenshot of the current page and embeds it into log file.</doc>
<arguments>
<arg>${kernel}/${activity}_2_win.png</arg>
</arguments>
<msg timestamp="20181008 01:06:22.651" level="INFO" html="yes">&lt;/td&gt;&lt;/tr&gt;&lt;tr&gt;&lt;td colspan="3"&gt;&lt;a href="headlessfirefox/kernels/static/CoffeeScript/Notebook_2_win.png"&gt;&lt;img src="headlessfirefox/kernels/static/CoffeeScript/Notebook_2_win.png" width="800px"&gt;&lt;/a&gt;</msg>
<status status="PASS" starttime="20181008 01:06:22.549" endtime="20181008 01:06:22.652"></status>
</kw>
<status status="PASS" starttime="20181008 01:06:16.513" endtime="20181008 01:06:22.652"></status>
</kw>
<status status="PASS" starttime="20181008 01:06:16.512" endtime="20181008 01:06:22.652"></status>
</kw>
<kw name="${kernel} = JS" type="foritem">
<kw name="Verify Kernel Activity Lifecycle">
<doc>Create a Kernel and verify some basic behavior</doc>
<arguments>
<arg>${kernel}</arg>
<arg>Notebook</arg>
<arg>&amp;{FORTY_TWO}[${kernel}]</arg>
<arg>&amp;{HELLO_WORLD}[${kernel}]</arg>
</arguments>
<kw name="Execute JupyterLab Command" library="Lab">
<doc>Use the JupyterLab Command Palette to run a command</doc>
<arguments>
<arg>Reset Application State</arg>
</arguments>
<kw name="Run Keyword And Ignore Error" library="BuiltIn">
<doc>Runs the given keyword with the given arguments and ignores possible error.</doc>
<arguments>
<arg>Click Element</arg>
<arg>css:.jp-mod-accept</arg>
</arguments>
<kw name="Click Element" library="SeleniumLibrary">
<doc>Click element identified by ``locator``.</doc>
<arguments>
<arg>css:.jp-mod-accept</arg>
</arguments>
<msg timestamp="20181008 01:06:22.655" level="INFO">Clicking element 'css:.jp-mod-accept'.</msg>
<kw name="Capture Page Screenshot" library="SeleniumLibrary">
<doc>Takes screenshot of the current page and embeds it into log file.</doc>
<msg timestamp="20181008 01:06:22.767" level="INFO" html="yes">&lt;/td&gt;&lt;/tr&gt;&lt;tr&gt;&lt;td colspan="3"&gt;&lt;a href="headlessfirefox/kernels/static/selenium-screenshot-5.png"&gt;&lt;img src="headlessfirefox/kernels/static/selenium-screenshot-5.png" width="800px"&gt;&lt;/a&gt;</msg>
<status status="PASS" starttime="20181008 01:06:22.660" endtime="20181008 01:06:22.768"></status>
</kw>
<msg timestamp="20181008 01:06:22.768" level="FAIL">Element with locator 'css:.jp-mod-accept' not found.</msg>
<status status="FAIL" starttime="20181008 01:06:22.655" endtime="20181008 01:06:22.768"></status>
</kw>
<status status="PASS" starttime="20181008 01:06:22.654" endtime="20181008 01:06:22.769"></status>
</kw>
<kw name="Click Element" library="SeleniumLibrary">
<doc>Click element identified by ``locator``.</doc>
<arguments>
<arg>${CMD_PAL_XPATH}</arg>
</arguments>
<msg timestamp="20181008 01:06:22.769" level="INFO">Clicking element 'css:li[data-id="command-palette"]'.</msg>
<status status="PASS" starttime="20181008 01:06:22.769" endtime="20181008 01:06:23.002"></status>
</kw>
<kw name="Input Text" library="SeleniumLibrary">
<doc>Types the given ``text`` into text field identified by ``locator``.</doc>
<arguments>
<arg>${CMD_PAL_INPUT}</arg>
<arg>${command}</arg>
</arguments>
<msg timestamp="20181008 01:06:23.003" level="INFO">Typing text 'Reset Application State' into text field 'css:.p-CommandPalette-input'.</msg>
<status status="PASS" starttime="20181008 01:06:23.002" endtime="20181008 01:06:23.035"></status>
</kw>
<kw name="Wait Until Page Contains Element" library="SeleniumLibrary">
<doc>Waits until element ``locator`` appears on current page.</doc>
<arguments>
<arg>${CMD_PAL_ITEM}</arg>
</arguments>
<status status="PASS" starttime="20181008 01:06:23.036" endtime="20181008 01:06:23.055"></status>
</kw>
<kw name="Click Element" library="SeleniumLibrary">
<doc>Click element identified by ``locator``.</doc>
<arguments>
<arg>${CMD_PAL_ITEM}</arg>
</arguments>
<msg timestamp="20181008 01:06:23.055" level="INFO">Clicking element 'css:.p-CommandPalette-item'.</msg>
<status status="PASS" starttime="20181008 01:06:23.055" endtime="20181008 01:06:23.865"></status>
</kw>
<kw name="Run Keyword And Ignore Error" library="BuiltIn">
<doc>Runs the given keyword with the given arguments and ignores possible error.</doc>
<arguments>
<arg>Click Element</arg>
<arg>${CMD_PAL_XPATH}</arg>
</arguments>
<kw name="Click Element" library="SeleniumLibrary">
<doc>Click element identified by ``locator``.</doc>
<arguments>
<arg>${CMD_PAL_XPATH}</arg>
</arguments>
<msg timestamp="20181008 01:06:23.867" level="INFO">Clicking element 'css:li[data-id="command-palette"]'.</msg>
<kw name="Capture Page Screenshot" library="SeleniumLibrary">
<doc>Takes screenshot of the current page and embeds it into log file.</doc>
<msg timestamp="20181008 01:06:24.106" level="INFO" html="yes">&lt;/td&gt;&lt;/tr&gt;&lt;tr&gt;&lt;td colspan="3"&gt;&lt;a href="headlessfirefox/kernels/static/selenium-screenshot-6.png"&gt;&lt;img src="headlessfirefox/kernels/static/selenium-screenshot-6.png" width="800px"&gt;&lt;/a&gt;</msg>
<status status="PASS" starttime="20181008 01:06:24.038" endtime="20181008 01:06:24.106"></status>
</kw>
<msg timestamp="20181008 01:06:24.106" level="FAIL">Element with locator 'css:li[data-id="command-palette"]' not found.</msg>
<status status="FAIL" starttime="20181008 01:06:23.866" endtime="20181008 01:06:24.107"></status>
</kw>
<status status="PASS" starttime="20181008 01:06:23.866" endtime="20181008 01:06:24.107"></status>
</kw>
<status status="PASS" starttime="20181008 01:06:22.654" endtime="20181008 01:06:24.107"></status>
</kw>
<kw name="Wait for Splash Screen" library="Lab">
<doc>Wait for the JupyterLab splash animation to run its course</doc>
<kw name="Wait Until Page Contains Element" library="SeleniumLibrary">
<doc>Waits until element ``locator`` appears on current page.</doc>
<arguments>
<arg>${SPLASH_ID}</arg>
</arguments>
<status status="PASS" starttime="20181008 01:06:24.108" endtime="20181008 01:06:24.115"></status>
</kw>
<kw name="Wait Until Page Does Not Contain Element" library="SeleniumLibrary">
<doc>Waits until element ``locator`` disappears from current page.</doc>
<arguments>
<arg>${SPLASH_ID}</arg>
</arguments>
<status status="PASS" starttime="20181008 01:06:24.115" endtime="20181008 01:06:25.089"></status>
</kw>
<kw name="Sleep" library="BuiltIn">
<doc>Pauses the test executed for the given time.</doc>
<arguments>
<arg>0.1s</arg>
</arguments>
<msg timestamp="20181008 01:06:25.190" level="INFO">Slept 100 milliseconds</msg>
<status status="PASS" starttime="20181008 01:06:25.089" endtime="20181008 01:06:25.190"></status>
</kw>
<status status="PASS" starttime="20181008 01:06:24.107" endtime="20181008 01:06:25.191"></status>
</kw>
<kw name="Launch a new" library="Lab">
<doc>Use the JupyterLab launcher to launch Notebook or Console</doc>
<arguments>
<arg>${kernel} (unsafe) — Jyve</arg>
<arg>${activity}</arg>
</arguments>
<kw name="Click Element" library="SeleniumLibrary">
<doc>Click element identified by ``locator``.</doc>
<arguments>
<arg>${CARD}[@title='${kernel}'][@data-category='${category}']</arg>
</arguments>
<msg timestamp="20181008 01:06:25.194" level="INFO">Clicking element '//div[@class='jp-LauncherCard'][@title='JS (unsafe) — Jyve'][@data-category='Notebook']'.</msg>
<status status="PASS" starttime="20181008 01:06:25.192" endtime="20181008 01:06:25.424"></status>
</kw>
<kw name="Wait Until Page Does Not Contain Element" library="SeleniumLibrary">
<doc>Waits until element ``locator`` disappears from current page.</doc>
<arguments>
<arg>${SPINNER}</arg>
</arguments>
<status status="PASS" starttime="20181008 01:06:25.424" endtime="20181008 01:06:25.431"></status>
</kw>
<kw name="Wait Until Page Contains Element" library="SeleniumLibrary">
<doc>Waits until element ``locator`` appears on current page.</doc>
<arguments>
<arg>css:${CELL_CSS}</arg>
</arguments>
<status status="PASS" starttime="20181008 01:06:25.432" endtime="20181008 01:06:25.438"></status>
</kw>
<status status="PASS" starttime="20181008 01:06:25.191" endtime="20181008 01:06:25.438"></status>
</kw>
<kw name="Capture Page Screenshot" library="SeleniumLibrary">
<doc>Takes screenshot of the current page and embeds it into log file.</doc>
<arguments>
<arg>${kernel}/${activity}_0.png</arg>
</arguments>
<msg timestamp="20181008 01:06:25.495" level="INFO" html="yes">&lt;/td&gt;&lt;/tr&gt;&lt;tr&gt;&lt;td colspan="3"&gt;&lt;a href="headlessfirefox/kernels/static/JS/Notebook_0.png"&gt;&lt;img src="headlessfirefox/kernels/static/JS/Notebook_0.png" width="800px"&gt;&lt;/a&gt;</msg>
<status status="PASS" starttime="20181008 01:06:25.438" endtime="20181008 01:06:25.496"></status>
</kw>
<kw name="Add and Run Cell" library="Notebook">
<doc>Add a code cell to the currently active notebook and run it</doc>
<arguments>
<arg>${fortytwo}</arg>
</arguments>
<kw name="Click Element" library="SeleniumLibrary">
<doc>Click element identified by ``locator``.</doc>
<arguments>
<arg>css:.jp-NotebookPanel-toolbar .jp-AddIcon</arg>
</arguments>
<msg timestamp="20181008 01:06:25.500" level="INFO">Clicking element 'css:.jp-NotebookPanel-toolbar .jp-AddIcon'.</msg>
<status status="PASS" starttime="20181008 01:06:25.500" endtime="20181008 01:06:25.756"></status>
</kw>
<kw name="Sleep" library="BuiltIn">
<doc>Pauses the test executed for the given time.</doc>
<arguments>
<arg>0.1s</arg>
</arguments>
<msg timestamp="20181008 01:06:25.857" level="INFO">Slept 100 milliseconds</msg>
<status status="PASS" starttime="20181008 01:06:25.756" endtime="20181008 01:06:25.857"></status>
</kw>
<kw name="Click Element" library="SeleniumLibrary">
<doc>Click element identified by ``locator``.</doc>
<arguments>
<arg>css:${CELL_CSS}</arg>
</arguments>
<msg timestamp="20181008 01:06:25.859" level="INFO">Clicking element 'css:.jp-Notebook .jp-Cell:last-of-type .jp-InputArea-editor .CodeMirror'.</msg>
<status status="PASS" starttime="20181008 01:06:25.858" endtime="20181008 01:06:26.578"></status>
</kw>
<kw name="Execute Javascript" library="SeleniumLibrary">
<doc>Executes the given JavaScript code with possible arguments.</doc>
<arguments>
<arg>document.querySelector("${CELL_CSS}").CodeMirror.setValue(`${code}`)</arg>
</arguments>
<msg timestamp="20181008 01:06:26.580" level="INFO">Executing JavaScript:
document.querySelector(".jp-Notebook .jp-Cell:last-of-type .jp-InputArea-editor .CodeMirror").CodeMirror.setValue(`Math.round(Math.PI * 13.3)`)
Without any arguments.</msg>
<status status="PASS" starttime="20181008 01:06:26.579" endtime="20181008 01:06:26.595"></status>
</kw>
<kw name="Click Element" library="SeleniumLibrary">
<doc>Click element identified by ``locator``.</doc>
<arguments>
<arg>css:.jp-RunIcon</arg>
</arguments>
<msg timestamp="20181008 01:06:26.596" level="INFO">Clicking element 'css:.jp-RunIcon'.</msg>
<status status="PASS" starttime="20181008 01:06:26.595" endtime="20181008 01:06:26.861"></status>
</kw>
<status status="PASS" starttime="20181008 01:06:25.498" endtime="20181008 01:06:26.861"></status>
</kw>
<kw name="Wait Until Kernel Is Idle" library="Notebook">
<doc>Wait for the kernel to be busy, and then stop being busy</doc>
<kw name="Wait Until Page Does Not Contain Element" library="SeleniumLibrary">
<doc>Waits until element ``locator`` disappears from current page.</doc>
<arguments>
<arg>${BUSY_KERNEL}</arg>
</arguments>
<status status="PASS" starttime="20181008 01:06:26.862" endtime="20181008 01:06:26.867"></status>
</kw>
<kw name="Wait Until Page Does Not Contain" library="SeleniumLibrary">
<doc>Waits until ``text`` disappears from current page.</doc>
<arguments>
<arg>${BUSY_PROMPT}</arg>
</arguments>
<status status="PASS" starttime="20181008 01:06:26.867" endtime="20181008 01:06:26.880"></status>
</kw>
<status status="PASS" starttime="20181008 01:06:26.861" endtime="20181008 01:06:26.880"></status>
</kw>
<kw name="Wait Until Keyword Succeeds" library="BuiltIn">
<doc>Runs the specified keyword and retries if it fails.</doc>
<arguments>
<arg>30s</arg>
<arg>1s</arg>
<arg>Element Should Contain</arg>
<arg>css:.jp-OutputArea-output</arg>
<arg>42</arg>
</arguments>
<kw name="Element Should Contain" library="SeleniumLibrary">
<doc>Verifies that element ``locator`` contains text ``expected``.</doc>
<arguments>
<arg>css:.jp-OutputArea-output</arg>
<arg>42</arg>
</arguments>
<msg timestamp="20181008 01:06:26.899" level="INFO">Element 'css:.jp-OutputArea-output' contains text '42'.</msg>
<status status="PASS" starttime="20181008 01:06:26.881" endtime="20181008 01:06:26.899"></status>
</kw>
<status status="PASS" starttime="20181008 01:06:26.881" endtime="20181008 01:06:26.899"></status>
</kw>
<kw name="Capture Page Screenshot" library="SeleniumLibrary">
<doc>Takes screenshot of the current page and embeds it into log file.</doc>
<arguments>
<arg>${kernel}/${activity}_1_run.png</arg>
</arguments>
<msg timestamp="20181008 01:06:26.992" level="INFO" html="yes">&lt;/td&gt;&lt;/tr&gt;&lt;tr&gt;&lt;td colspan="3"&gt;&lt;a href="headlessfirefox/kernels/static/JS/Notebook_1_run.png"&gt;&lt;img src="headlessfirefox/kernels/static/JS/Notebook_1_run.png" width="800px"&gt;&lt;/a&gt;</msg>
<status status="PASS" starttime="20181008 01:06:26.899" endtime="20181008 01:06:26.992"></status>
</kw>
<kw name="Add and Run Cell" library="Notebook">
<doc>Add a code cell to the currently active notebook and run it</doc>
<arguments>
<arg>${hello}</arg>
</arguments>
<kw name="Click Element" library="SeleniumLibrary">
<doc>Click element identified by ``locator``.</doc>
<arguments>
<arg>css:.jp-NotebookPanel-toolbar .jp-AddIcon</arg>
</arguments>
<msg timestamp="20181008 01:06:26.993" level="INFO">Clicking element 'css:.jp-NotebookPanel-toolbar .jp-AddIcon'.</msg>
<status status="PASS" starttime="20181008 01:06:26.993" endtime="20181008 01:06:27.251"></status>
</kw>
<kw name="Sleep" library="BuiltIn">
<doc>Pauses the test executed for the given time.</doc>
<arguments>
<arg>0.1s</arg>
</arguments>
<msg timestamp="20181008 01:06:27.352" level="INFO">Slept 100 milliseconds</msg>
<status status="PASS" starttime="20181008 01:06:27.251" endtime="20181008 01:06:27.352"></status>
</kw>
<kw name="Click Element" library="SeleniumLibrary">
<doc>Click element identified by ``locator``.</doc>
<arguments>
<arg>css:${CELL_CSS}</arg>
</arguments>
<msg timestamp="20181008 01:06:27.353" level="INFO">Clicking element 'css:.jp-Notebook .jp-Cell:last-of-type .jp-InputArea-editor .CodeMirror'.</msg>
<status status="PASS" starttime="20181008 01:06:27.353" endtime="20181008 01:06:28.069"></status>
</kw>
<kw name="Execute Javascript" library="SeleniumLibrary">
<doc>Executes the given JavaScript code with possible arguments.</doc>
<arguments>
<arg>document.querySelector("${CELL_CSS}").CodeMirror.setValue(`${code}`)</arg>
</arguments>
<msg timestamp="20181008 01:06:28.071" level="INFO">Executing JavaScript:
document.querySelector(".jp-Notebook .jp-Cell:last-of-type .jp-InputArea-editor .CodeMirror").CodeMirror.setValue(`document.write("hello world")`)
Without any arguments.</msg>
<status status="PASS" starttime="20181008 01:06:28.069" endtime="20181008 01:06:28.084"></status>
</kw>
<kw name="Click Element" library="SeleniumLibrary">
<doc>Click element identified by ``locator``.</doc>
<arguments>
<arg>css:.jp-RunIcon</arg>
</arguments>
<msg timestamp="20181008 01:06:28.085" level="INFO">Clicking element 'css:.jp-RunIcon'.</msg>
<status status="PASS" starttime="20181008 01:06:28.085" endtime="20181008 01:06:28.336"></status>
</kw>
<status status="PASS" starttime="20181008 01:06:26.992" endtime="20181008 01:06:28.336"></status>
</kw>
<kw name="Wait Until Kernel Is Idle" library="Notebook">
<doc>Wait for the kernel to be busy, and then stop being busy</doc>
<kw name="Wait Until Page Does Not Contain Element" library="SeleniumLibrary">
<doc>Waits until element ``locator`` disappears from current page.</doc>
<arguments>
<arg>${BUSY_KERNEL}</arg>
</arguments>
<status status="PASS" starttime="20181008 01:06:28.338" endtime="20181008 01:06:28.344"></status>
</kw>
<kw name="Wait Until Page Does Not Contain" library="SeleniumLibrary">
<doc>Waits until ``text`` disappears from current page.</doc>
<arguments>
<arg>${BUSY_PROMPT}</arg>
</arguments>
<status status="PASS" starttime="20181008 01:06:28.344" endtime="20181008 01:06:28.355"></status>
</kw>
<status status="PASS" starttime="20181008 01:06:28.337" endtime="20181008 01:06:28.355"></status>
</kw>
<kw name="Frame Should Contain" library="SeleniumLibrary">
<doc>Verifies that frame identified by ``locator`` contains ``text``.</doc>
<arguments>
<arg>css:.jyv-Frame iframe</arg>
<arg>hello world</arg>
</arguments>
<msg timestamp="20181008 01:06:28.368" level="INFO">Searching for text from frame 'css:.jyv-Frame iframe'.</msg>
<msg timestamp="20181008 01:06:28.379" level="INFO">Frame 'css:.jyv-Frame iframe' contains text 'hello world'.</msg>
<status status="PASS" starttime="20181008 01:06:28.356" endtime="20181008 01:06:28.380"></status>
</kw>
<kw name="Capture Page Screenshot" library="SeleniumLibrary">
<doc>Takes screenshot of the current page and embeds it into log file.</doc>
<arguments>
<arg>${kernel}/${activity}_2_win.png</arg>
</arguments>
<msg timestamp="20181008 01:06:28.472" level="INFO" html="yes">&lt;/td&gt;&lt;/tr&gt;&lt;tr&gt;&lt;td colspan="3"&gt;&lt;a href="headlessfirefox/kernels/static/JS/Notebook_2_win.png"&gt;&lt;img src="headlessfirefox/kernels/static/JS/Notebook_2_win.png" width="800px"&gt;&lt;/a&gt;</msg>
<status status="PASS" starttime="20181008 01:06:28.380" endtime="20181008 01:06:28.472"></status>
</kw>
<status status="PASS" starttime="20181008 01:06:22.652" endtime="20181008 01:06:28.472"></status>
</kw>
<status status="PASS" starttime="20181008 01:06:22.652" endtime="20181008 01:06:28.472"></status>
</kw>
<kw name="${kernel} = P5" type="foritem">
<kw name="Verify Kernel Activity Lifecycle">
<doc>Create a Kernel and verify some basic behavior</doc>
<arguments>
<arg>${kernel}</arg>
<arg>Notebook</arg>
<arg>&amp;{FORTY_TWO}[${kernel}]</arg>
<arg>&amp;{HELLO_WORLD}[${kernel}]</arg>
</arguments>
<kw name="Execute JupyterLab Command" library="Lab">
<doc>Use the JupyterLab Command Palette to run a command</doc>
<arguments>
<arg>Reset Application State</arg>
</arguments>
<kw name="Run Keyword And Ignore Error" library="BuiltIn">
<doc>Runs the given keyword with the given arguments and ignores possible error.</doc>
<arguments>
<arg>Click Element</arg>
<arg>css:.jp-mod-accept</arg>
</arguments>
<kw name="Click Element" library="SeleniumLibrary">
<doc>Click element identified by ``locator``.</doc>
<arguments>
<arg>css:.jp-mod-accept</arg>
</arguments>
<msg timestamp="20181008 01:06:28.476" level="INFO">Clicking element 'css:.jp-mod-accept'.</msg>
<kw name="Capture Page Screenshot" library="SeleniumLibrary">
<doc>Takes screenshot of the current page and embeds it into log file.</doc>
<msg timestamp="20181008 01:06:28.580" level="INFO" html="yes">&lt;/td&gt;&lt;/tr&gt;&lt;tr&gt;&lt;td colspan="3"&gt;&lt;a href="headlessfirefox/kernels/static/selenium-screenshot-7.png"&gt;&lt;img src="headlessfirefox/kernels/static/selenium-screenshot-7.png" width="800px"&gt;&lt;/a&gt;</msg>
<status status="PASS" starttime="20181008 01:06:28.481" endtime="20181008 01:06:28.580"></status>
</kw>
<msg timestamp="20181008 01:06:28.581" level="FAIL">Element with locator 'css:.jp-mod-accept' not found.</msg>
<status status="FAIL" starttime="20181008 01:06:28.476" endtime="20181008 01:06:28.581"></status>
</kw>
<status status="PASS" starttime="20181008 01:06:28.475" endtime="20181008 01:06:28.581"></status>
</kw>
<kw name="Click Element" library="SeleniumLibrary">
<doc>Click element identified by ``locator``.</doc>
<arguments>
<arg>${CMD_PAL_XPATH}</arg>
</arguments>
<msg timestamp="20181008 01:06:28.582" level="INFO">Clicking element 'css:li[data-id="command-palette"]'.</msg>
<status status="PASS" starttime="20181008 01:06:28.581" endtime="20181008 01:06:28.818"></status>
</kw>
<kw name="Input Text" library="SeleniumLibrary">
<doc>Types the given ``text`` into text field identified by ``locator``.</doc>
<arguments>
<arg>${CMD_PAL_INPUT}</arg>
<arg>${command}</arg>
</arguments>
<msg timestamp="20181008 01:06:28.819" level="INFO">Typing text 'Reset Application State' into text field 'css:.p-CommandPalette-input'.</msg>
<status status="PASS" starttime="20181008 01:06:28.818" endtime="20181008 01:06:28.859"></status>
</kw>
<kw name="Wait Until Page Contains Element" library="SeleniumLibrary">
<doc>Waits until element ``locator`` appears on current page.</doc>
<arguments>
<arg>${CMD_PAL_ITEM}</arg>
</arguments>
<status status="PASS" starttime="20181008 01:06:28.859" endtime="20181008 01:06:28.873"></status>
</kw>
<kw name="Click Element" library="SeleniumLibrary">
<doc>Click element identified by ``locator``.</doc>
<arguments>
<arg>${CMD_PAL_ITEM}</arg>
</arguments>
<msg timestamp="20181008 01:06:28.874" level="INFO">Clicking element 'css:.p-CommandPalette-item'.</msg>
<status status="PASS" starttime="20181008 01:06:28.873" endtime="20181008 01:06:29.955"></status>
</kw>
<kw name="Run Keyword And Ignore Error" library="BuiltIn">
<doc>Runs the given keyword with the given arguments and ignores possible error.</doc>
<arguments>
<arg>Click Element</arg>
<arg>${CMD_PAL_XPATH}</arg>
</arguments>
<kw name="Click Element" library="SeleniumLibrary">
<doc>Click element identified by ``locator``.</doc>
<arguments>
<arg>${CMD_PAL_XPATH}</arg>
</arguments>
<msg timestamp="20181008 01:06:29.957" level="INFO">Clicking element 'css:li[data-id="command-palette"]'.</msg>
<kw name="Capture Page Screenshot" library="SeleniumLibrary">
<doc>Takes screenshot of the current page and embeds it into log file.</doc>
<msg timestamp="20181008 01:06:30.139" level="INFO" html="yes">&lt;/td&gt;&lt;/tr&gt;&lt;tr&gt;&lt;td colspan="3"&gt;&lt;a href="headlessfirefox/kernels/static/selenium-screenshot-8.png"&gt;&lt;img src="headlessfirefox/kernels/static/selenium-screenshot-8.png" width="800px"&gt;&lt;/a&gt;</msg>
<status status="PASS" starttime="20181008 01:06:30.081" endtime="20181008 01:06:30.139"></status>
</kw>
<msg timestamp="20181008 01:06:30.140" level="FAIL">Element with locator 'css:li[data-id="command-palette"]' not found.</msg>
<status status="FAIL" starttime="20181008 01:06:29.956" endtime="20181008 01:06:30.140"></status>
</kw>
<status status="PASS" starttime="20181008 01:06:29.955" endtime="20181008 01:06:30.141"></status>
</kw>
<status status="PASS" starttime="20181008 01:06:28.474" endtime="20181008 01:06:30.142"></status>
</kw>
<kw name="Wait for Splash Screen" library="Lab">
<doc>Wait for the JupyterLab splash animation to run its course</doc>
<kw name="Wait Until Page Contains Element" library="SeleniumLibrary">
<doc>Waits until element ``locator`` appears on current page.</doc>
<arguments>
<arg>${SPLASH_ID}</arg>
</arguments>
<status status="PASS" starttime="20181008 01:06:30.143" endtime="20181008 01:06:30.246"></status>
</kw>
<kw name="Wait Until Page Does Not Contain Element" library="SeleniumLibrary">
<doc>Waits until element ``locator`` disappears from current page.</doc>
<arguments>
<arg>${SPLASH_ID}</arg>
</arguments>
<status status="PASS" starttime="20181008 01:06:30.246" endtime="20181008 01:06:31.102"></status>
</kw>
<kw name="Sleep" library="BuiltIn">
<doc>Pauses the test executed for the given time.</doc>
<arguments>
<arg>0.1s</arg>
</arguments>
<msg timestamp="20181008 01:06:31.203" level="INFO">Slept 100 milliseconds</msg>
<status status="PASS" starttime="20181008 01:06:31.103" endtime="20181008 01:06:31.203"></status>
</kw>
<status status="PASS" starttime="20181008 01:06:30.142" endtime="20181008 01:06:31.204"></status>
</kw>
<kw name="Launch a new" library="Lab">
<doc>Use the JupyterLab launcher to launch Notebook or Console</doc>
<arguments>
<arg>${kernel} (unsafe) — Jyve</arg>
<arg>${activity}</arg>
</arguments>
<kw name="Click Element" library="SeleniumLibrary">
<doc>Click element identified by ``locator``.</doc>
<arguments>
<arg>${CARD}[@title='${kernel}'][@data-category='${category}']</arg>
</arguments>
<msg timestamp="20181008 01:06:31.206" level="INFO">Clicking element '//div[@class='jp-LauncherCard'][@title='P5 (unsafe) — Jyve'][@data-category='Notebook']'.</msg>
<status status="PASS" starttime="20181008 01:06:31.205" endtime="20181008 01:06:31.444"></status>
</kw>
<kw name="Wait Until Page Does Not Contain Element" library="SeleniumLibrary">
<doc>Waits until element ``locator`` disappears from current page.</doc>
<arguments>
<arg>${SPINNER}</arg>
</arguments>
<status status="PASS" starttime="20181008 01:06:31.444" endtime="20181008 01:06:31.451"></status>
</kw>
<kw name="Wait Until Page Contains Element" library="SeleniumLibrary">
<doc>Waits until element ``locator`` appears on current page.</doc>
<arguments>
<arg>css:${CELL_CSS}</arg>
</arguments>
<status status="PASS" starttime="20181008 01:06:31.451" endtime="20181008 01:06:31.494"></status>
</kw>
<status status="PASS" starttime="20181008 01:06:31.204" endtime="20181008 01:06:31.494"></status>
</kw>
<kw name="Capture Page Screenshot" library="SeleniumLibrary">
<doc>Takes screenshot of the current page and embeds it into log file.</doc>
<arguments>
<arg>${kernel}/${activity}_0.png</arg>
</arguments>
<msg timestamp="20181008 01:06:31.589" level="INFO" html="yes">&lt;/td&gt;&lt;/tr&gt;&lt;tr&gt;&lt;td colspan="3"&gt;&lt;a href="headlessfirefox/kernels/static/P5/Notebook_0.png"&gt;&lt;img src="headlessfirefox/kernels/static/P5/Notebook_0.png" width="800px"&gt;&lt;/a&gt;</msg>
<status status="PASS" starttime="20181008 01:06:31.495" endtime="20181008 01:06:31.589"></status>
</kw>
<kw name="Add and Run Cell" library="Notebook">
<doc>Add a code cell to the currently active notebook and run it</doc>
<arguments>
<arg>${fortytwo}</arg>
</arguments>
<kw name="Click Element" library="SeleniumLibrary">
<doc>Click element identified by ``locator``.</doc>
<arguments>
<arg>css:.jp-NotebookPanel-toolbar .jp-AddIcon</arg>
</arguments>
<msg timestamp="20181008 01:06:31.591" level="INFO">Clicking element 'css:.jp-NotebookPanel-toolbar .jp-AddIcon'.</msg>
<status status="PASS" starttime="20181008 01:06:31.591" endtime="20181008 01:06:31.848"></status>
</kw>
<kw name="Sleep" library="BuiltIn">
<doc>Pauses the test executed for the given time.</doc>
<arguments>
<arg>0.1s</arg>
</arguments>
<msg timestamp="20181008 01:06:31.948" level="INFO">Slept 100 milliseconds</msg>
<status status="PASS" starttime="20181008 01:06:31.848" endtime="20181008 01:06:31.949"></status>
</kw>
<kw name="Click Element" library="SeleniumLibrary">
<doc>Click element identified by ``locator``.</doc>
<arguments>
<arg>css:${CELL_CSS}</arg>
</arguments>
<msg timestamp="20181008 01:06:31.950" level="INFO">Clicking element 'css:.jp-Notebook .jp-Cell:last-of-type .jp-InputArea-editor .CodeMirror'.</msg>
<status status="PASS" starttime="20181008 01:06:31.949" endtime="20181008 01:06:32.668"></status>
</kw>
<kw name="Execute Javascript" library="SeleniumLibrary">
<doc>Executes the given JavaScript code with possible arguments.</doc>
<arguments>
<arg>document.querySelector("${CELL_CSS}").CodeMirror.setValue(`${code}`)</arg>
</arguments>
<msg timestamp="20181008 01:06:32.670" level="INFO">Executing JavaScript:
document.querySelector(".jp-Notebook .jp-Cell:last-of-type .jp-InputArea-editor .CodeMirror").CodeMirror.setValue(`152 % 55`)
Without any arguments.</msg>
<status status="PASS" starttime="20181008 01:06:32.669" endtime="20181008 01:06:32.688"></status>
</kw>
<kw name="Click Element" library="SeleniumLibrary">
<doc>Click element identified by ``locator``.</doc>
<arguments>
<arg>css:.jp-RunIcon</arg>
</arguments>
<msg timestamp="20181008 01:06:32.689" level="INFO">Clicking element 'css:.jp-RunIcon'.</msg>
<status status="PASS" starttime="20181008 01:06:32.689" endtime="20181008 01:06:32.968"></status>
</kw>
<status status="PASS" starttime="20181008 01:06:31.590" endtime="20181008 01:06:32.969"></status>
</kw>
<kw name="Wait Until Kernel Is Idle" library="Notebook">
<doc>Wait for the kernel to be busy, and then stop being busy</doc>
<kw name="Wait Until Page Does Not Contain Element" library="SeleniumLibrary">
<doc>Waits until element ``locator`` disappears from current page.</doc>
<arguments>
<arg>${BUSY_KERNEL}</arg>
</arguments>
<status status="PASS" starttime="20181008 01:06:32.971" endtime="20181008 01:06:32.980"></status>
</kw>
<kw name="Wait Until Page Does Not Contain" library="SeleniumLibrary">
<doc>Waits until ``text`` disappears from current page.</doc>
<arguments>
<arg>${BUSY_PROMPT}</arg>
</arguments>
<status status="PASS" starttime="20181008 01:06:32.981" endtime="20181008 01:06:32.994"></status>
</kw>
<status status="PASS" starttime="20181008 01:06:32.970" endtime="20181008 01:06:32.995"></status>
</kw>
<kw name="Wait Until Keyword Succeeds" library="BuiltIn">
<doc>Runs the specified keyword and retries if it fails.</doc>
<arguments>
<arg>30s</arg>
<arg>1s</arg>
<arg>Element Should Contain</arg>
<arg>css:.jp-OutputArea-output</arg>
<arg>42</arg>
</arguments>
<kw name="Element Should Contain" library="SeleniumLibrary">
<doc>Verifies that element ``locator`` contains text ``expected``.</doc>
<arguments>
<arg>css:.jp-OutputArea-output</arg>
<arg>42</arg>
</arguments>
<msg timestamp="20181008 01:06:33.022" level="INFO">Element 'css:.jp-OutputArea-output' contains text '42'.</msg>
<status status="PASS" starttime="20181008 01:06:32.996" endtime="20181008 01:06:33.022"></status>
</kw>
<status status="PASS" starttime="20181008 01:06:32.995" endtime="20181008 01:06:33.022"></status>
</kw>
<kw name="Capture Page Screenshot" library="SeleniumLibrary">
<doc>Takes screenshot of the current page and embeds it into log file.</doc>
<arguments>
<arg>${kernel}/${activity}_1_run.png</arg>
</arguments>
<msg timestamp="20181008 01:06:33.115" level="INFO" html="yes">&lt;/td&gt;&lt;/tr&gt;&lt;tr&gt;&lt;td colspan="3"&gt;&lt;a href="headlessfirefox/kernels/static/P5/Notebook_1_run.png"&gt;&lt;img src="headlessfirefox/kernels/static/P5/Notebook_1_run.png" width="800px"&gt;&lt;/a&gt;</msg>
<status status="PASS" starttime="20181008 01:06:33.023" endtime="20181008 01:06:33.116"></status>
</kw>
<kw name="Add and Run Cell" library="Notebook">
<doc>Add a code cell to the currently active notebook and run it</doc>
<arguments>
<arg>${hello}</arg>
</arguments>
<kw name="Click Element" library="SeleniumLibrary">
<doc>Click element identified by ``locator``.</doc>
<arguments>
<arg>css:.jp-NotebookPanel-toolbar .jp-AddIcon</arg>
</arguments>
<msg timestamp="20181008 01:06:33.117" level="INFO">Clicking element 'css:.jp-NotebookPanel-toolbar .jp-AddIcon'.</msg>
<status status="PASS" starttime="20181008 01:06:33.117" endtime="20181008 01:06:33.374"></status>
</kw>
<kw name="Sleep" library="BuiltIn">
<doc>Pauses the test executed for the given time.</doc>
<arguments>
<arg>0.1s</arg>
</arguments>
<msg timestamp="20181008 01:06:33.475" level="INFO">Slept 100 milliseconds</msg>
<status status="PASS" starttime="20181008 01:06:33.374" endtime="20181008 01:06:33.475"></status>
</kw>
<kw name="Click Element" library="SeleniumLibrary">
<doc>Click element identified by ``locator``.</doc>
<arguments>
<arg>css:${CELL_CSS}</arg>
</arguments>
<msg timestamp="20181008 01:06:33.476" level="INFO">Clicking element 'css:.jp-Notebook .jp-Cell:last-of-type .jp-InputArea-editor .CodeMirror'.</msg>
<status status="PASS" starttime="20181008 01:06:33.475" endtime="20181008 01:06:34.200"></status>
</kw>
<kw name="Execute Javascript" library="SeleniumLibrary">
<doc>Executes the given JavaScript code with possible arguments.</doc>
<arguments>
<arg>document.querySelector("${CELL_CSS}").CodeMirror.setValue(`${code}`)</arg>
</arguments>
<msg timestamp="20181008 01:06:34.202" level="INFO">Executing JavaScript:
document.querySelector(".jp-Notebook .jp-Cell:last-of-type .jp-InputArea-editor .CodeMirror").CodeMirror.setValue(`document.write("hello world")`)
Without any arguments.</msg>
<status status="PASS" starttime="20181008 01:06:34.201" endtime="20181008 01:06:34.217"></status>
</kw>
<kw name="Click Element" library="SeleniumLibrary">
<doc>Click element identified by ``locator``.</doc>
<arguments>
<arg>css:.jp-RunIcon</arg>
</arguments>
<msg timestamp="20181008 01:06:34.218" level="INFO">Clicking element 'css:.jp-RunIcon'.</msg>
<status status="PASS" starttime="20181008 01:06:34.217" endtime="20181008 01:06:34.496"></status>
</kw>
<status status="PASS" starttime="20181008 01:06:33.116" endtime="20181008 01:06:34.496"></status>
</kw>
<kw name="Wait Until Kernel Is Idle" library="Notebook">
<doc>Wait for the kernel to be busy, and then stop being busy</doc>
<kw name="Wait Until Page Does Not Contain Element" library="SeleniumLibrary">
<doc>Waits until element ``locator`` disappears from current page.</doc>
<arguments>
<arg>${BUSY_KERNEL}</arg>
</arguments>
<status status="PASS" starttime="20181008 01:06:34.497" endtime="20181008 01:06:34.503"></status>
</kw>
<kw name="Wait Until Page Does Not Contain" library="SeleniumLibrary">
<doc>Waits until ``text`` disappears from current page.</doc>
<arguments>
<arg>${BUSY_PROMPT}</arg>
</arguments>
<status status="PASS" starttime="20181008 01:06:34.503" endtime="20181008 01:06:34.514"></status>
</kw>
<status status="PASS" starttime="20181008 01:06:34.496" endtime="20181008 01:06:34.514"></status>
</kw>
<kw name="Frame Should Contain" library="SeleniumLibrary">
<doc>Verifies that frame identified by ``locator`` contains ``text``.</doc>
<arguments>
<arg>css:.jyv-Frame iframe</arg>
<arg>hello world</arg>
</arguments>
<msg timestamp="20181008 01:06:34.525" level="INFO">Searching for text from frame 'css:.jyv-Frame iframe'.</msg>
<msg timestamp="20181008 01:06:34.534" level="INFO">Frame 'css:.jyv-Frame iframe' contains text 'hello world'.</msg>
<status status="PASS" starttime="20181008 01:06:34.515" endtime="20181008 01:06:34.535"></status>
</kw>
<kw name="Capture Page Screenshot" library="SeleniumLibrary">
<doc>Takes screenshot of the current page and embeds it into log file.</doc>
<arguments>
<arg>${kernel}/${activity}_2_win.png</arg>
</arguments>
<msg timestamp="20181008 01:06:34.628" level="INFO" html="yes">&lt;/td&gt;&lt;/tr&gt;&lt;tr&gt;&lt;td colspan="3"&gt;&lt;a href="headlessfirefox/kernels/static/P5/Notebook_2_win.png"&gt;&lt;img src="headlessfirefox/kernels/static/P5/Notebook_2_win.png" width="800px"&gt;&lt;/a&gt;</msg>
<status status="PASS" starttime="20181008 01:06:34.535" endtime="20181008 01:06:34.628"></status>
</kw>
<status status="PASS" starttime="20181008 01:06:28.473" endtime="20181008 01:06:34.628"></status>
</kw>
<status status="PASS" starttime="20181008 01:06:28.473" endtime="20181008 01:06:34.628"></status>
</kw>
<kw name="${kernel} = TypeScript" type="foritem">
<kw name="Verify Kernel Activity Lifecycle">
<doc>Create a Kernel and verify some basic behavior</doc>
<arguments>
<arg>${kernel}</arg>
<arg>Notebook</arg>
<arg>&amp;{FORTY_TWO}[${kernel}]</arg>
<arg>&amp;{HELLO_WORLD}[${kernel}]</arg>
</arguments>
<kw name="Execute JupyterLab Command" library="Lab">
<doc>Use the JupyterLab Command Palette to run a command</doc>
<arguments>
<arg>Reset Application State</arg>
</arguments>
<kw name="Run Keyword And Ignore Error" library="BuiltIn">
<doc>Runs the given keyword with the given arguments and ignores possible error.</doc>
<arguments>
<arg>Click Element</arg>
<arg>css:.jp-mod-accept</arg>
</arguments>
<kw name="Click Element" library="SeleniumLibrary">
<doc>Click element identified by ``locator``.</doc>
<arguments>
<arg>css:.jp-mod-accept</arg>
</arguments>
<msg timestamp="20181008 01:06:34.632" level="INFO">Clicking element 'css:.jp-mod-accept'.</msg>
<kw name="Capture Page Screenshot" library="SeleniumLibrary">
<doc>Takes screenshot of the current page and embeds it into log file.</doc>
<msg timestamp="20181008 01:06:34.732" level="INFO" html="yes">&lt;/td&gt;&lt;/tr&gt;&lt;tr&gt;&lt;td colspan="3"&gt;&lt;a href="headlessfirefox/kernels/static/selenium-screenshot-9.png"&gt;&lt;img src="headlessfirefox/kernels/static/selenium-screenshot-9.png" width="800px"&gt;&lt;/a&gt;</msg>
<status status="PASS" starttime="20181008 01:06:34.638" endtime="20181008 01:06:34.732"></status>
</kw>
<msg timestamp="20181008 01:06:34.733" level="FAIL">Element with locator 'css:.jp-mod-accept' not found.</msg>
<status status="FAIL" starttime="20181008 01:06:34.632" endtime="20181008 01:06:34.733"></status>
</kw>
<status status="PASS" starttime="20181008 01:06:34.631" endtime="20181008 01:06:34.733"></status>
</kw>
<kw name="Click Element" library="SeleniumLibrary">
<doc>Click element identified by ``locator``.</doc>
<arguments>
<arg>${CMD_PAL_XPATH}</arg>
</arguments>
<msg timestamp="20181008 01:06:34.734" level="INFO">Clicking element 'css:li[data-id="command-palette"]'.</msg>
<status status="PASS" starttime="20181008 01:06:34.733" endtime="20181008 01:06:34.972"></status>
</kw>
<kw name="Input Text" library="SeleniumLibrary">
<doc>Types the given ``text`` into text field identified by ``locator``.</doc>
<arguments>
<arg>${CMD_PAL_INPUT}</arg>
<arg>${command}</arg>
</arguments>
<msg timestamp="20181008 01:06:34.973" level="INFO">Typing text 'Reset Application State' into text field 'css:.p-CommandPalette-input'.</msg>
<status status="PASS" starttime="20181008 01:06:34.972" endtime="20181008 01:06:35.006"></status>
</kw>
<kw name="Wait Until Page Contains Element" library="SeleniumLibrary">
<doc>Waits until element ``locator`` appears on current page.</doc>
<arguments>
<arg>${CMD_PAL_ITEM}</arg>
</arguments>
<status status="PASS" starttime="20181008 01:06:35.006" endtime="20181008 01:06:35.024"></status>
</kw>
<kw name="Click Element" library="SeleniumLibrary">
<doc>Click element identified by ``locator``.</doc>
<arguments>
<arg>${CMD_PAL_ITEM}</arg>
</arguments>
<msg timestamp="20181008 01:06:35.025" level="INFO">Clicking element 'css:.p-CommandPalette-item'.</msg>
<status status="PASS" starttime="20181008 01:06:35.024" endtime="20181008 01:06:35.750"></status>
</kw>
<kw name="Run Keyword And Ignore Error" library="BuiltIn">
<doc>Runs the given keyword with the given arguments and ignores possible error.</doc>
<arguments>
<arg>Click Element</arg>
<arg>${CMD_PAL_XPATH}</arg>
</arguments>
<kw name="Click Element" library="SeleniumLibrary">
<doc>Click element identified by ``locator``.</doc>
<arguments>
<arg>${CMD_PAL_XPATH}</arg>
</arguments>
<msg timestamp="20181008 01:06:35.752" level="INFO">Clicking element 'css:li[data-id="command-palette"]'.</msg>
<kw name="Capture Page Screenshot" library="SeleniumLibrary">
<doc>Takes screenshot of the current page and embeds it into log file.</doc>
<msg timestamp="20181008 01:06:35.924" level="INFO" html="yes">&lt;/td&gt;&lt;/tr&gt;&lt;tr&gt;&lt;td colspan="3"&gt;&lt;a href="headlessfirefox/kernels/static/selenium-screenshot-10.png"&gt;&lt;img src="headlessfirefox/kernels/static/selenium-screenshot-10.png" width="800px"&gt;&lt;/a&gt;</msg>
<status status="PASS" starttime="20181008 01:06:35.868" endtime="20181008 01:06:35.924"></status>
</kw>
<msg timestamp="20181008 01:06:35.925" level="FAIL">Element with locator 'css:li[data-id="command-palette"]' not found.</msg>
<status status="FAIL" starttime="20181008 01:06:35.752" endtime="20181008 01:06:35.925"></status>
</kw>
<status status="PASS" starttime="20181008 01:06:35.751" endtime="20181008 01:06:35.926"></status>
</kw>
<status status="PASS" starttime="20181008 01:06:34.630" endtime="20181008 01:06:35.926"></status>
</kw>
<kw name="Wait for Splash Screen" library="Lab">
<doc>Wait for the JupyterLab splash animation to run its course</doc>
<kw name="Wait Until Page Contains Element" library="SeleniumLibrary">
<doc>Waits until element ``locator`` appears on current page.</doc>
<arguments>
<arg>${SPLASH_ID}</arg>
</arguments>
<status status="PASS" starttime="20181008 01:06:35.927" endtime="20181008 01:06:36.234"></status>
</kw>
<kw name="Wait Until Page Does Not Contain Element" library="SeleniumLibrary">
<doc>Waits until element ``locator`` disappears from current page.</doc>
<arguments>
<arg>${SPLASH_ID}</arg>
</arguments>
<status status="PASS" starttime="20181008 01:06:36.234" endtime="20181008 01:06:36.673"></status>
</kw>
<kw name="Sleep" library="BuiltIn">
<doc>Pauses the test executed for the given time.</doc>
<arguments>
<arg>0.1s</arg>
</arguments>
<msg timestamp="20181008 01:06:36.774" level="INFO">Slept 100 milliseconds</msg>
<status status="PASS" starttime="20181008 01:06:36.674" endtime="20181008 01:06:36.774"></status>
</kw>
<status status="PASS" starttime="20181008 01:06:35.926" endtime="20181008 01:06:36.775"></status>
</kw>
<kw name="Launch a new" library="Lab">
<doc>Use the JupyterLab launcher to launch Notebook or Console</doc>
<arguments>
[...]
<status status="PASS" starttime="20181008 01:07:45.980" endtime="20181008 01:07:46.139"></status>
</kw>
<msg timestamp="20181008 01:07:46.140" level="FAIL">Element with locator 'css:li[data-id="command-palette"]' not found.</msg>
<status status="FAIL" starttime="20181008 01:07:45.861" endtime="20181008 01:07:46.140"></status>
</kw>
<status status="PASS" starttime="20181008 01:07:45.860" endtime="20181008 01:07:46.140"></status>
</kw>
<status status="PASS" starttime="20181008 01:07:44.126" endtime="20181008 01:07:46.141"></status>
</kw>
<kw name="Close Browser" library="SeleniumLibrary">
<doc>Closes the current browser.</doc>
<status status="PASS" starttime="20181008 01:07:46.141" endtime="20181008 01:07:48.013"></status>
</kw>
<status status="PASS" starttime="20181008 01:07:44.125" endtime="20181008 01:07:48.013"></status>
</kw>
<doc>Does a server-backed JupyterLab open?</doc>
<status status="PASS" starttime="20181008 01:07:35.860" endtime="20181008 01:07:48.014" critical="yes"></status>
</test>
<test id="s1-s2-t2" name="Jyve don't need no WebSocket">
<kw name="Set Screenshot Directory" library="SeleniumLibrary">
<doc>Sets the directory for captured screenshots.</doc>
<arguments>
<arg>${OUTPUT_DIR}/${BROWSER}/smoke/static</arg>
</arguments>
<status status="PASS" starttime="20181008 01:07:48.017" endtime="20181008 01:07:48.018"></status>
</kw>
<kw name="Rebuild the Jyve Demo" library="Jyve">
<doc>Use nbconvert (and wget) to rebuild the static demo site</doc>
<kw name="Remove Directory" library="OperatingSystem">
<doc>Removes the directory pointed to by the given ``path``.</doc>
<arguments>
<arg>demo</arg>
<arg>recursive=true</arg>
</arguments>
<msg timestamp="20181008 01:07:48.098" level="INFO" html="yes">Removed directory '&lt;a href="file:///home/travis/build/deathbeds/jyve/demo"&gt;/home/travis/build/deathbeds/jyve/demo&lt;/a&gt;'.</msg>
<status status="PASS" starttime="20181008 01:07:48.019" endtime="20181008 01:07:48.099"></status>
</kw>
<kw name="Run Process" library="Process">
<doc>Runs a process and waits for it to complete.</doc>
<arguments>
<arg>${DEMO_CMD}</arg>
</arguments>
<msg timestamp="20181008 01:07:48.100" level="INFO">Starting process:
./scripts/build_demo.sh</msg>
<msg timestamp="20181008 01:07:48.138" level="INFO">Waiting for process to complete.</msg>
<msg timestamp="20181008 01:07:56.090" level="INFO">Process completed.</msg>
<status status="PASS" starttime="20181008 01:07:48.099" endtime="20181008 01:07:56.090"></status>
</kw>
<kw name="Directory Should Exist" library="OperatingSystem">
<doc>Fails unless the given path points to an existing directory.</doc>
<arguments>
<arg>demo</arg>
</arguments>
<msg timestamp="20181008 01:07:56.092" level="INFO" html="yes">Directory '&lt;a href="file:///home/travis/build/deathbeds/jyve/demo"&gt;/home/travis/build/deathbeds/jyve/demo&lt;/a&gt;' exists.</msg>
<status status="PASS" starttime="20181008 01:07:56.091" endtime="20181008 01:07:56.092"></status>
</kw>
<kw name="Directory Should Not Be Empty" library="OperatingSystem">
<doc>Fails if the specified directory is empty.</doc>
<arguments>
<arg>demo</arg>
<arg>timeout=20</arg>
</arguments>
<msg timestamp="20181008 01:07:56.093" level="INFO" html="yes">Listing contents of directory '&lt;a href="file:///home/travis/build/deathbeds/jyve/demo"&gt;/home/travis/build/deathbeds/jyve/demo&lt;/a&gt;'.</msg>
<msg timestamp="20181008 01:07:56.094" level="INFO" html="yes">Directory '&lt;a href="file:///home/travis/build/deathbeds/jyve/demo"&gt;/home/travis/build/deathbeds/jyve/demo&lt;/a&gt;' contains 5 items.</msg>
<status status="PASS" starttime="20181008 01:07:56.093" endtime="20181008 01:07:56.094"></status>
</kw>
<status status="PASS" starttime="20181008 01:07:48.019" endtime="20181008 01:07:56.094"></status>
</kw>
<kw name="Start the Jyve Demo" library="Jyve">
<doc>Serve the static demo</doc>
<kw name="Start Process" library="Process">
<doc>Starts a new process on background.</doc>
<arguments>
<arg>${HTTPS_CMD}</arg>
<arg>shell=true</arg>
<arg>stderr=STDOUT</arg>
<arg>stdout=${OUTPUT_DIR}/demo.log</arg>
</arguments>
<msg timestamp="20181008 01:07:56.097" level="INFO">Starting process:
python ./scripts/serve_demo.py</msg>
<status status="PASS" starttime="20181008 01:07:56.096" endtime="20181008 01:07:56.102"></status>
</kw>
<status status="PASS" starttime="20181008 01:07:56.095" endtime="20181008 01:07:56.102"></status>
</kw>
<kw name="Open the Jyve Demo with" library="Jyve">
<doc>Open the browser to the static demo</doc>
<arguments>
<arg>${BROWSER}</arg>
</arguments>
<kw name="Open Browser" library="SeleniumLibrary">
<doc>Opens a new browser instance to the given ``url``.</doc>
<arguments>
<arg>${DEMO_URL}</arg>
<arg>${browser}</arg>
</arguments>
<msg timestamp="20181008 01:07:56.105" level="INFO">Opening browser 'headlessfirefox' to base url 'https://127.0.0.1:8443/d/e/m/o/'.</msg>
<status status="PASS" starttime="20181008 01:07:56.104" endtime="20181008 01:08:02.347"></status>
</kw>
<kw name="Wait for Splash Screen" library="Lab">
<doc>Wait for the JupyterLab splash animation to run its course</doc>
<kw name="Wait Until Page Contains Element" library="SeleniumLibrary">
<doc>Waits until element ``locator`` appears on current page.</doc>
<arguments>
<arg>${SPLASH_ID}</arg>
</arguments>
<status status="PASS" starttime="20181008 01:08:02.348" endtime="20181008 01:08:04.085"></status>
</kw>
<kw name="Wait Until Page Does Not Contain Element" library="SeleniumLibrary">
<doc>Waits until element ``locator`` disappears from current page.</doc>
<arguments>
<arg>${SPLASH_ID}</arg>
</arguments>
<status status="PASS" starttime="20181008 01:08:04.085" endtime="20181008 01:08:05.177"></status>
</kw>
<kw name="Sleep" library="BuiltIn">
<doc>Pauses the test executed for the given time.</doc>
<arguments>
<arg>0.1s</arg>
</arguments>
<msg timestamp="20181008 01:08:05.279" level="INFO">Slept 100 milliseconds</msg>
<status status="PASS" starttime="20181008 01:08:05.178" endtime="20181008 01:08:05.279"></status>
</kw>
<status status="PASS" starttime="20181008 01:08:02.347" endtime="20181008 01:08:05.279"></status>
</kw>
<kw name="Sleep" library="BuiltIn">
<doc>Pauses the test executed for the given time.</doc>
<arguments>
<arg>1s</arg>
</arguments>
<msg timestamp="20181008 01:08:06.281" level="INFO">Slept 1 second</msg>
<status status="PASS" starttime="20181008 01:08:05.280" endtime="20181008 01:08:06.281"></status>
</kw>
<status status="PASS" starttime="20181008 01:07:56.103" endtime="20181008 01:08:06.281"></status>
</kw>
<kw name="Verify Kyrnels">
<doc>Roughly check whether the Launcher contains all the kernels</doc>
<kw name="Execute JupyterLab Command" library="Lab">
<doc>Use the JupyterLab Command Palette to run a command</doc>
<arguments>
<arg>New Launcher</arg>
</arguments>
<kw name="Run Keyword And Ignore Error" library="BuiltIn">
<doc>Runs the given keyword with the given arguments and ignores possible error.</doc>
<arguments>
<arg>Click Element</arg>
<arg>css:.jp-mod-accept</arg>
</arguments>
<kw name="Click Element" library="SeleniumLibrary">
<doc>Click element identified by ``locator``.</doc>
<arguments>
<arg>css:.jp-mod-accept</arg>
</arguments>
<msg timestamp="20181008 01:08:06.285" level="INFO">Clicking element 'css:.jp-mod-accept'.</msg>
<kw name="Capture Page Screenshot" library="SeleniumLibrary">
<doc>Takes screenshot of the current page and embeds it into log file.</doc>
<msg timestamp="20181008 01:08:06.397" level="INFO" html="yes">&lt;/td&gt;&lt;/tr&gt;&lt;tr&gt;&lt;td colspan="3"&gt;&lt;a href="headlessfirefox/smoke/static/selenium-screenshot-1.png"&gt;&lt;img src="headlessfirefox/smoke/static/selenium-screenshot-1.png" width="800px"&gt;&lt;/a&gt;</msg>
<status status="PASS" starttime="20181008 01:08:06.290" endtime="20181008 01:08:06.397"></status>
</kw>
<msg timestamp="20181008 01:08:06.398" level="FAIL">Element with locator 'css:.jp-mod-accept' not found.</msg>
<status status="FAIL" starttime="20181008 01:08:06.284" endtime="20181008 01:08:06.398"></status>
</kw>
<status status="PASS" starttime="20181008 01:08:06.283" endtime="20181008 01:08:06.398"></status>
</kw>
<kw name="Click Element" library="SeleniumLibrary">
<doc>Click element identified by ``locator``.</doc>
<arguments>
<arg>${CMD_PAL_XPATH}</arg>
</arguments>
<msg timestamp="20181008 01:08:06.400" level="INFO">Clicking element 'css:li[data-id="command-palette"]'.</msg>
<status status="PASS" starttime="20181008 01:08:06.399" endtime="20181008 01:08:06.637"></status>
</kw>
<kw name="Input Text" library="SeleniumLibrary">
<doc>Types the given ``text`` into text field identified by ``locator``.</doc>
<arguments>
<arg>${CMD_PAL_INPUT}</arg>
<arg>${command}</arg>
</arguments>
<msg timestamp="20181008 01:08:06.638" level="INFO">Typing text 'New Launcher' into text field 'css:.p-CommandPalette-input'.</msg>
<status status="PASS" starttime="20181008 01:08:06.637" endtime="20181008 01:08:06.672"></status>
</kw>
<kw name="Wait Until Page Contains Element" library="SeleniumLibrary">
<doc>Waits until element ``locator`` appears on current page.</doc>
<arguments>
<arg>${CMD_PAL_ITEM}</arg>
</arguments>
<status status="PASS" starttime="20181008 01:08:06.672" endtime="20181008 01:08:06.690"></status>
</kw>
<kw name="Click Element" library="SeleniumLibrary">
<doc>Click element identified by ``locator``.</doc>
<arguments>
<arg>${CMD_PAL_ITEM}</arg>
</arguments>
<msg timestamp="20181008 01:08:06.691" level="INFO">Clicking element 'css:.p-CommandPalette-item'.</msg>
<status status="PASS" starttime="20181008 01:08:06.691" endtime="20181008 01:08:07.039"></status>
</kw>
<kw name="Run Keyword And Ignore Error" library="BuiltIn">
<doc>Runs the given keyword with the given arguments and ignores possible error.</doc>
<arguments>
<arg>Click Element</arg>
<arg>${CMD_PAL_XPATH}</arg>
</arguments>
<kw name="Click Element" library="SeleniumLibrary">
<doc>Click element identified by ``locator``.</doc>
<arguments>
<arg>${CMD_PAL_XPATH}</arg>
</arguments>
<msg timestamp="20181008 01:08:07.041" level="INFO">Clicking element 'css:li[data-id="command-palette"]'.</msg>
<status status="PASS" starttime="20181008 01:08:07.040" endtime="20181008 01:08:07.263"></status>
</kw>
<status status="PASS" starttime="20181008 01:08:07.040" endtime="20181008 01:08:07.263"></status>
</kw>
<status status="PASS" starttime="20181008 01:08:06.283" endtime="20181008 01:08:07.263"></status>
</kw>
<kw name="Page Should Contain" library="SeleniumLibrary">
<doc>Verifies that current page contains ``text``.</doc>
<arguments>
<arg>Brython (unsafe)</arg>
</arguments>
<msg timestamp="20181008 01:08:07.301" level="INFO">Current page contains text 'Brython (unsafe)'.</msg>
<status status="PASS" starttime="20181008 01:08:07.264" endtime="20181008 01:08:07.301"></status>
</kw>
<kw name="Page Should Contain" library="SeleniumLibrary">
<doc>Verifies that current page contains ``text``.</doc>
<arguments>
<arg>CoffeeScript (unsafe)</arg>
</arguments>
<msg timestamp="20181008 01:08:07.343" level="INFO">Current page contains text 'CoffeeScript (unsafe)'.</msg>
<status status="PASS" starttime="20181008 01:08:07.301" endtime="20181008 01:08:07.343"></status>
</kw>
<kw name="Page Should Contain" library="SeleniumLibrary">
<doc>Verifies that current page contains ``text``.</doc>
<arguments>
<arg>JS (unsafe)</arg>
</arguments>
<msg timestamp="20181008 01:08:07.400" level="INFO">Current page contains text 'JS (unsafe)'.</msg>
<status status="PASS" starttime="20181008 01:08:07.344" endtime="20181008 01:08:07.400"></status>
</kw>
<kw name="Page Should Contain" library="SeleniumLibrary">
<doc>Verifies that current page contains ``text``.</doc>
<arguments>
<arg>P5 (unsafe)</arg>
</arguments>
<msg timestamp="20181008 01:08:07.424" level="INFO">Current page contains text 'P5 (unsafe)'.</msg>
<status status="PASS" starttime="20181008 01:08:07.401" endtime="20181008 01:08:07.424"></status>
</kw>
<kw name="Page Should Contain" library="SeleniumLibrary">
<doc>Verifies that current page contains ``text``.</doc>
<arguments>
<arg>TypeScript (unsafe)</arg>
</arguments>
<msg timestamp="20181008 01:08:07.463" level="INFO">Current page contains text 'TypeScript (unsafe)'.</msg>
<status status="PASS" starttime="20181008 01:08:07.425" endtime="20181008 01:08:07.463"></status>
</kw>
<status status="PASS" starttime="20181008 01:08:06.282" endtime="20181008 01:08:07.463"></status>
</kw>
<kw name="Capture Page Screenshot" library="SeleniumLibrary">
<doc>Takes screenshot of the current page and embeds it into log file.</doc>
<arguments>
<arg>01_kyrnels_offline.png</arg>
</arguments>
<msg timestamp="20181008 01:08:07.633" level="INFO" html="yes">&lt;/td&gt;&lt;/tr&gt;&lt;tr&gt;&lt;td colspan="3"&gt;&lt;a href="headlessfirefox/smoke/static/01_kyrnels_offline.png"&gt;&lt;img src="headlessfirefox/smoke/static/01_kyrnels_offline.png" width="800px"&gt;&lt;/a&gt;</msg>
<status status="PASS" starttime="20181008 01:08:07.464" endtime="20181008 01:08:07.633"></status>
</kw>
<kw name="Reset Application State and Close" library="Lab" type="teardown">
<doc>Try to clean up after doing some things to the JupyterLab state</doc>
<kw name="Execute JupyterLab Command" library="Lab">
<doc>Use the JupyterLab Command Palette to run a command</doc>
<arguments>
<arg>Reset Application State</arg>
</arguments>
<kw name="Run Keyword And Ignore Error" library="BuiltIn">
<doc>Runs the given keyword with the given arguments and ignores possible error.</doc>
<arguments>
<arg>Click Element</arg>
<arg>css:.jp-mod-accept</arg>
</arguments>
<kw name="Click Element" library="SeleniumLibrary">
<doc>Click element identified by ``locator``.</doc>
<arguments>
<arg>css:.jp-mod-accept</arg>
</arguments>
<msg timestamp="20181008 01:08:07.637" level="INFO">Clicking element 'css:.jp-mod-accept'.</msg>
<kw name="Capture Page Screenshot" library="SeleniumLibrary">
<doc>Takes screenshot of the current page and embeds it into log file.</doc>
<msg timestamp="20181008 01:08:07.753" level="INFO" html="yes">&lt;/td&gt;&lt;/tr&gt;&lt;tr&gt;&lt;td colspan="3"&gt;&lt;a href="headlessfirefox/smoke/static/selenium-screenshot-2.png"&gt;&lt;img src="headlessfirefox/smoke/static/selenium-screenshot-2.png" width="800px"&gt;&lt;/a&gt;</msg>
<status status="PASS" starttime="20181008 01:08:07.642" endtime="20181008 01:08:07.753"></status>
</kw>
<msg timestamp="20181008 01:08:07.754" level="FAIL">Element with locator 'css:.jp-mod-accept' not found.</msg>
<status status="FAIL" starttime="20181008 01:08:07.636" endtime="20181008 01:08:07.754"></status>
</kw>
<status status="PASS" starttime="20181008 01:08:07.636" endtime="20181008 01:08:07.754"></status>
</kw>
<kw name="Click Element" library="SeleniumLibrary">
<doc>Click element identified by ``locator``.</doc>
<arguments>
<arg>${CMD_PAL_XPATH}</arg>
</arguments>
<msg timestamp="20181008 01:08:07.755" level="INFO">Clicking element 'css:li[data-id="command-palette"]'.</msg>
<status status="PASS" starttime="20181008 01:08:07.755" endtime="20181008 01:08:08.131"></status>
</kw>
<kw name="Input Text" library="SeleniumLibrary">
<doc>Types the given ``text`` into text field identified by ``locator``.</doc>
<arguments>
<arg>${CMD_PAL_INPUT}</arg>
<arg>${command}</arg>
</arguments>
<msg timestamp="20181008 01:08:08.132" level="INFO">Typing text 'Reset Application State' into text field 'css:.p-CommandPalette-input'.</msg>
<status status="PASS" starttime="20181008 01:08:08.131" endtime="20181008 01:08:08.174"></status>
</kw>
<kw name="Wait Until Page Contains Element" library="SeleniumLibrary">
<doc>Waits until element ``locator`` appears on current page.</doc>
<arguments>
<arg>${CMD_PAL_ITEM}</arg>
</arguments>
<status status="PASS" starttime="20181008 01:08:08.175" endtime="20181008 01:08:08.239"></status>
</kw>
<kw name="Click Element" library="SeleniumLibrary">
<doc>Click element identified by ``locator``.</doc>
<arguments>
<arg>${CMD_PAL_ITEM}</arg>
</arguments>
<msg timestamp="20181008 01:08:08.240" level="INFO">Clicking element 'css:.p-CommandPalette-item'.</msg>
<status status="PASS" starttime="20181008 01:08:08.239" endtime="20181008 01:08:09.388"></status>
</kw>
<kw name="Run Keyword And Ignore Error" library="BuiltIn">
<doc>Runs the given keyword with the given arguments and ignores possible error.</doc>
<arguments>
<arg>Click Element</arg>
<arg>${CMD_PAL_XPATH}</arg>
</arguments>
<kw name="Click Element" library="SeleniumLibrary">
<doc>Click element identified by ``locator``.</doc>
<arguments>
<arg>${CMD_PAL_XPATH}</arg>
</arguments>
<msg timestamp="20181008 01:08:09.389" level="INFO">Clicking element 'css:li[data-id="command-palette"]'.</msg>
<kw name="Capture Page Screenshot" library="SeleniumLibrary">
<doc>Takes screenshot of the current page and embeds it into log file.</doc>
<msg timestamp="20181008 01:08:09.540" level="INFO" html="yes">&lt;/td&gt;&lt;/tr&gt;&lt;tr&gt;&lt;td colspan="3"&gt;&lt;a href="headlessfirefox/smoke/static/selenium-screenshot-3.png"&gt;&lt;img src="headlessfirefox/smoke/static/selenium-screenshot-3.png" width="800px"&gt;&lt;/a&gt;</msg>
<status status="PASS" starttime="20181008 01:08:09.436" endtime="20181008 01:08:09.541"></status>
</kw>
<msg timestamp="20181008 01:08:09.542" level="FAIL">Element with locator 'css:li[data-id="command-palette"]' not found.</msg>
<status status="FAIL" starttime="20181008 01:08:09.389" endtime="20181008 01:08:09.542"></status>
</kw>
<status status="PASS" starttime="20181008 01:08:09.388" endtime="20181008 01:08:09.542"></status>
</kw>
<status status="PASS" starttime="20181008 01:08:07.635" endtime="20181008 01:08:09.543"></status>
</kw>
<kw name="Close Browser" library="SeleniumLibrary">
<doc>Closes the current browser.</doc>
<status status="PASS" starttime="20181008 01:08:09.543" endtime="20181008 01:08:11.172"></status>
</kw>
<status status="PASS" starttime="20181008 01:08:07.634" endtime="20181008 01:08:11.173"></status>
</kw>
<doc>Does a static demo open?</doc>
<status status="PASS" starttime="20181008 01:07:48.015" endtime="20181008 01:08:11.173" critical="yes"></status>
</test>
<kw name="Clean Up JupyterLab" library="Lab" type="teardown">
<doc>Close all the browsers and stop all processes</doc>
<kw name="Close All Browsers" library="SeleniumLibrary">
<doc>Closes all open browsers and resets the browser cache.</doc>
<status status="PASS" starttime="20181008 01:08:11.175" endtime="20181008 01:08:11.175"></status>
</kw>
<kw name="Terminate All Processes" library="Process">
<doc>Terminates all still running processes started by this library.</doc>
<arguments>
<arg>kill=True</arg>
</arguments>
<msg timestamp="20181008 01:08:11.176" level="INFO">Forcefully killing process.</msg>
<msg timestamp="20181008 01:08:11.187" level="INFO">Process completed.</msg>
<msg timestamp="20181008 01:08:11.187" level="INFO">Forcefully killing process.</msg>
<msg timestamp="20181008 01:08:11.188" level="INFO">Process completed.</msg>
<status status="PASS" starttime="20181008 01:08:11.176" endtime="20181008 01:08:11.188"></status>
</kw>
<status status="PASS" starttime="20181008 01:08:11.174" endtime="20181008 01:08:11.189"></status>
</kw>
<doc>Some quick tests to see if we broke the build somehow.</doc>
<status status="PASS" starttime="20181008 01:07:35.841" endtime="20181008 01:08:11.189"></status>
</suite>
<status status="PASS" starttime="20181008 01:06:00.195" endtime="20181008 01:08:11.198"></status>
</suite>
<statistics>
<total>
<stat pass="4" fail="0">Critical Tests</stat>
<stat pass="4" fail="0">All Tests</stat>
</total>
<tag>
</tag>
<suite>
<stat pass="4" fail="0" id="s1" name="Acceptance">Acceptance</stat>
<stat pass="2" fail="0" id="s1-s1" name="Kernels">Acceptance.Kernels</stat>
<stat pass="2" fail="0" id="s1-s2" name="Smoke">Acceptance.Smoke</stat>
</suite>
</statistics>
<errors>
</errors>
</robot>
